[+] Containers:
 |- [+] Container: /Game/ThirdPerson/Maps/ThirdPersonMap
 |   |- [+] ActorDescs:
 |   |   |- Guid:041ADE6F4B8BF887DD87FE9D3BB447A9 BaseClass:/Game/Cloud/BP_Cloud.BP_Cloud_C NativeClass:/Script/Engine.Actor Name:BP_Cloud_C_UAID_8C04BAA09ED00B9501_1083108443 Label:BP_Cloud SpatiallyLoaded:1 Bounds:IsValid=true, Min=(X=334.454 Y=868.499 Z=-28.753), Max=(X=551.381 Y=1089.694 Z=455.034) RuntimeGrid:None EditorOnly:0 RuntimeOnly:0 HLODRelevant:0
 |   |   |- Guid:138C09DB4A4520735EB194AEFCD81464 BaseClass: NativeClass:/Script/Engine.StaticMeshActor Name:StaticMeshActor_UAID_8C04BAA09ED00B9501_1889555446 Label:Fence 2 SpatiallyLoaded:1 Bounds:IsValid=true, Min=(X=895.725 Y=962.512 Z=0.625), Max=(X=907.670 Y=1177.488 Z=102.610) RuntimeGrid:None EditorOnly:0 RuntimeOnly:0 HLODRelevant:1 FolderPath:Fence FolderGuid:C25C52154C5FAAB104B7C9AB480B98E7
 |   |   |- Guid:238A2AE94B75D3AF26BA5CBFB14FAEFA BaseClass: NativeClass:/Script/Engine.StaticMeshActor Name:StaticMeshActor_UAID_8C04BAA09ED00B9501_1935244459 Label:Fence 15 SpatiallyLoaded:1 Bounds:IsValid=true, Min=(X=895.725 Y=4112.512 Z=0.625), Max=(X=907.670 Y=4327.488 Z=102.610) RuntimeGrid:None EditorOnly:0 RuntimeOnly:0 HLODRelevant:1 FolderPath:Fence FolderGuid:C25C52154C5FAAB104B7C9AB480B98E7
 |   |   |- Guid:2FB58999456391D349DC0F86DAC136ED BaseClass: NativeClass:/Script/Engine.SkyLight Name:SkyLight_1 Label:SkyLight SpatiallyLoaded:0 Bounds:IsValid=true, Min=(X=0.000 Y=0.000 Z=690.000), Max=(X=0.000 Y=0.000 Z=690.000) RuntimeGrid:None EditorOnly:0 RuntimeOnly:0 HLODRelevant:0 FolderPath:Lighting FolderGuid:963EC3EB4002CCE9759E2EBA541A873A
 |   |   |- Guid:316CF2A6494ACA4C0E4180A87D36AB8F BaseClass: NativeClass:/Script/Engine.ExponentialHeightFog Name:ExponentialHeightFog_0 Label:ExponentialHeightFog SpatiallyLoaded:0 Bounds:IsValid=true, Min=(X=-5600.000 Y=-50.000 Z=-6850.000), Max=(X=-5600.000 Y=-50.000 Z=-6850.000) RuntimeGrid:None EditorOnly:0 RuntimeOnly:0 HLODRelevant:0 FolderPath:Lighting FolderGuid:963EC3EB4002CCE9759E2EBA541A873A
 |   |   |- Guid:34251C3444A5B0C395C03D8925509B77 BaseClass: NativeClass:/Script/Engine.StaticMeshActor Name:StaticMeshActor_UAID_8C04BAA09ED00B9501_1935241456 Label:Fence 12 SpatiallyLoaded:1 Bounds:IsValid=true, Min=(X=895.725 Y=3062.512 Z=0.625), Max=(X=907.670 Y=3277.488 Z=102.610) RuntimeGrid:None EditorOnly:0 RuntimeOnly:0 HLODRelevant:1 FolderPath:Fence FolderGuid:C25C52154C5FAAB104B7C9AB480B98E7
 |   |   |- Guid:3A00AA1C422CE54C0BDB60BAF471BFBB BaseClass: NativeClass:/Script/Engine.PlayerStart Name:PlayerStart_0 Label:PlayerStart SpatiallyLoaded:0 Bounds:IsValid=true, Min=(X=860.000 Y=1070.000 Z=0.013), Max=(X=940.000 Y=1150.000 Z=184.013) RuntimeGrid:None EditorOnly:0 RuntimeOnly:0 HLODRelevant:0
 |   |   |- Guid:485DD8DC4B1EC144BEB881BB50FECE55 BaseClass: NativeClass:/Script/Engine.StaticMeshActor Name:StaticMeshActor_UAID_8C04BAA09ED00B9501_1935245460 Label:Fence 16 SpatiallyLoaded:1 Bounds:IsValid=true, Min=(X=895.725 Y=3902.512 Z=0.625), Max=(X=907.670 Y=4117.488 Z=102.610) RuntimeGrid:None EditorOnly:0 RuntimeOnly:0 HLODRelevant:1 FolderPath:Fence FolderGuid:C25C52154C5FAAB104B7C9AB480B98E7
 |   |   |- Guid:4D3BE93F4146AAAC8BBE79999D96D57F BaseClass: NativeClass:/Script/Engine.VolumetricCloud Name:VolumetricCloud_0 Label:VolumetricCloud SpatiallyLoaded:0 Bounds:IsValid=true, Min=(X=0.000 Y=0.000 Z=820.000), Max=(X=0.000 Y=0.000 Z=820.000) RuntimeGrid:None EditorOnly:0 RuntimeOnly:0 HLODRelevant:0 FolderPath:Lighting FolderGuid:963EC3EB4002CCE9759E2EBA541A873A
 |   |   |- Guid:504F49DD44098692D5D8D0B3D3DC8447 BaseClass: NativeClass:/Script/Engine.StaticMeshActor Name:StaticMeshActor_UAID_8C04BAA09ED00B9501_1935238453 Label:Fence 9 SpatiallyLoaded:1 Bounds:IsValid=true, Min=(X=895.725 Y=2852.512 Z=0.625), Max=(X=907.670 Y=3067.488 Z=102.610) RuntimeGrid:None EditorOnly:0 RuntimeOnly:0 HLODRelevant:1 FolderPath:Fence FolderGuid:C25C52154C5FAAB104B7C9AB480B98E7
 |   |   |- Guid:5A188A3D47B8B2C319DA24BFBC938F30 BaseClass: NativeClass:/Script/Engine.StaticMeshActor Name:StaticMeshActor_UAID_8C04BAA09ED00B9501_1927504452 Label:Fence 8 SpatiallyLoaded:1 Bounds:IsValid=true, Min=(X=895.725 Y=2222.512 Z=0.625), Max=(X=907.670 Y=2437.488 Z=102.610) RuntimeGrid:None EditorOnly:0 RuntimeOnly:0 HLODRelevant:1 FolderPath:Fence FolderGuid:C25C52154C5FAAB104B7C9AB480B98E7
 |   |   |- Guid:62FFA81E49DC33EAC4FFE3905A617F5F BaseClass: NativeClass:/Script/Engine.StaticMeshActor Name:StaticMeshActor_UAID_8C04BAA09ED00B9501_1914756447 Label:Fence 3 SpatiallyLoaded:1 Bounds:IsValid=true, Min=(X=895.725 Y=1592.512 Z=0.625), Max=(X=907.670 Y=1807.488 Z=102.610) RuntimeGrid:None EditorOnly:0 RuntimeOnly:0 HLODRelevant:1 FolderPath:Fence FolderGuid:C25C52154C5FAAB104B7C9AB480B98E7
 |   |   |- Guid:6BAF4DDD444C60371492D3919DB42C97 BaseClass: NativeClass:/Script/Engine.WorldDataLayers Name:WorldDataLayers Label:WorldDataLayers SpatiallyLoaded:0 Bounds:IsValid=true, Min=(X=0.000 Y=0.000 Z=0.000), Max=(X=0.000 Y=0.000 Z=0.000) RuntimeGrid:None EditorOnly:0 RuntimeOnly:0 HLODRelevant:0
 |   |   |- Guid:6CEF59444ECCC0A0B38F9EACDB140C63 BaseClass: NativeClass:/Script/Engine.StaticMeshActor Name:StaticMeshActor_UAID_8C04BAA09ED00B9501_1935242457 Label:Fence 13 SpatiallyLoaded:1 Bounds:IsValid=true, Min=(X=895.725 Y=3692.512 Z=0.625), Max=(X=907.670 Y=3907.488 Z=102.610) RuntimeGrid:None EditorOnly:0 RuntimeOnly:0 HLODRelevant:1 FolderPath:Fence FolderGuid:C25C52154C5FAAB104B7C9AB480B98E7
 |   |   |- Guid:92F57A6747ACFF22C9CAA6823FAEB55C BaseClass: NativeClass:/Script/Engine.StaticMeshActor Name:StaticMeshActor_UAID_8C04BAA09ED00B9501_1935243458 Label:Fence 14 SpatiallyLoaded:1 Bounds:IsValid=true, Min=(X=895.725 Y=3482.512 Z=0.625), Max=(X=907.670 Y=3697.488 Z=102.610) RuntimeGrid:None EditorOnly:0 RuntimeOnly:0 HLODRelevant:1 FolderPath:Fence FolderGuid:C25C52154C5FAAB104B7C9AB480B98E7
 |   |   |- Guid:9DE9FA3A470368787EB3E5941CB56978 BaseClass: NativeClass:/Script/Engine.StaticMeshActor Name:StaticMeshActor_UAID_8C04BAA09ED00B9501_1826282445 Label:Fence 1 SpatiallyLoaded:1 Bounds:IsValid=true, Min=(X=895.725 Y=1172.512 Z=0.625), Max=(X=907.670 Y=1387.488 Z=102.610) RuntimeGrid:None EditorOnly:0 RuntimeOnly:0 HLODRelevant:1 FolderPath:Fence FolderGuid:C25C52154C5FAAB104B7C9AB480B98E7
 |   |   |- Guid:A67E62874D2E976A24336A8C06E7B1D2 BaseClass: NativeClass:/Script/Engine.StaticMeshActor Name:StaticMeshActor_UAID_8C04BAA09ED00B9501_1914758448 Label:Fence 4 SpatiallyLoaded:1 Bounds:IsValid=true, Min=(X=895.725 Y=1382.512 Z=0.625), Max=(X=907.670 Y=1597.488 Z=102.610) RuntimeGrid:None EditorOnly:0 RuntimeOnly:0 HLODRelevant:1 FolderPath:Fence FolderGuid:C25C52154C5FAAB104B7C9AB480B98E7
 |   |   |- Guid:B688BADE4ED30514ADF882B7C7189914 BaseClass: NativeClass:/Script/Engine.StaticMeshActor Name:StaticMeshActor_UAID_8C04BAA09ED00B9501_1935240455 Label:Fence 11 SpatiallyLoaded:1 Bounds:IsValid=true, Min=(X=895.725 Y=3272.512 Z=0.625), Max=(X=907.670 Y=3487.488 Z=102.610) RuntimeGrid:None EditorOnly:0 RuntimeOnly:0 HLODRelevant:1 FolderPath:Fence FolderGuid:C25C52154C5FAAB104B7C9AB480B98E7
 |   |   |- Guid:B785ED2844B84CFB91E7F39FE661CD99 BaseClass: NativeClass:/Script/Engine.DirectionalLight Name:DirectionalLight_0 Label:DirectionalLight SpatiallyLoaded:0 Bounds:IsValid=true, Min=(X=-1048576.000 Y=-1048576.000 Z=-1048576.000), Max=(X=1048576.000 Y=1048576.000 Z=1048576.000) RuntimeGrid:None EditorOnly:0 RuntimeOnly:0 HLODRelevant:0 FolderPath:Lighting FolderGuid:963EC3EB4002CCE9759E2EBA541A873A
 |   |   |- Guid:BA2A7A0C40F898D63B9BC6ABE21ACA64 BaseClass: NativeClass:/Script/Engine.StaticMeshActor Name:StaticMeshActor_UAID_8C04BAA09ED00B9501_1927497449 Label:Fence 5 SpatiallyLoaded:1 Bounds:IsValid=true, Min=(X=895.725 Y=2012.512 Z=0.625), Max=(X=907.670 Y=2227.488 Z=102.610) RuntimeGrid:None EditorOnly:0 RuntimeOnly:0 HLODRelevant:1 FolderPath:Fence FolderGuid:C25C52154C5FAAB104B7C9AB480B98E7
 |   |   |- Guid:BC60F2114E929BA1867E509D4974DDE1 BaseClass: NativeClass:/Script/Engine.StaticMeshActor Name:StaticMeshActor_UAID_8C04BAA09ED00B9501_1935240454 Label:Fence 10 SpatiallyLoaded:1 Bounds:IsValid=true, Min=(X=895.725 Y=2642.512 Z=0.625), Max=(X=907.670 Y=2857.488 Z=102.610) RuntimeGrid:None EditorOnly:0 RuntimeOnly:0 HLODRelevant:1 FolderPath:Fence FolderGuid:C25C52154C5FAAB104B7C9AB480B98E7
 |   |   |- Guid:CCFF262C46EEFFDF319E7F9539CE697E BaseClass: NativeClass:/Script/Engine.SkyAtmosphere Name:SkyAtmosphere_0 Label:SkyAtmosphere SpatiallyLoaded:0 Bounds:IsValid=true, Min=(X=0.000 Y=0.000 Z=1020.000), Max=(X=0.000 Y=0.000 Z=1020.000) RuntimeGrid:None EditorOnly:0 RuntimeOnly:0 HLODRelevant:0 FolderPath:Lighting FolderGuid:963EC3EB4002CCE9759E2EBA541A873A
 |   |   |- Guid:D9C9905C48B7F9185A6F40848A225E34 BaseClass: NativeClass:/Script/Engine.StaticMeshActor Name:StaticMeshActor_UAID_8C04BAA09ED00B9501_1715129444 Label:beet SpatiallyLoaded:1 Bounds:IsValid=true, Min=(X=611.000 Y=1861.000 Z=-0.000), Max=(X=709.000 Y=1959.000 Z=3.216) RuntimeGrid:None EditorOnly:0 RuntimeOnly:0 HLODRelevant:1
 |   |   |- Guid:E6B1AF30438F10B2D740C5A5287C4BEF BaseClass: NativeClass:/Script/Engine.StaticMeshActor Name:StaticMeshActor_UAID_8C04BAA09ED00B9501_1927502451 Label:Fence 7 SpatiallyLoaded:1 Bounds:IsValid=true, Min=(X=895.725 Y=2432.512 Z=0.625), Max=(X=907.670 Y=2647.488 Z=102.610) RuntimeGrid:None EditorOnly:0 RuntimeOnly:0 HLODRelevant:1 FolderPath:Fence FolderGuid:C25C52154C5FAAB104B7C9AB480B98E7
 |   |   |- Guid:EC4E0C944CE6AC6E784BC6BB2916EA13 BaseClass: NativeClass:/Script/Engine.StaticMeshActor Name:StaticMeshActor_UAID_A4AE111137DC5EFB00_1110535423 Label:SM_SkySphere SpatiallyLoaded:0 Bounds:IsValid=true, Min=(X=-1638400.000 Y=-1638400.000 Z=-1638400.000), Max=(X=1638400.000 Y=1638400.000 Z=1638400.000) RuntimeGrid:None EditorOnly:0 RuntimeOnly:0 HLODRelevant:1 FolderPath:Lighting FolderGuid:963EC3EB4002CCE9759E2EBA541A873A
 |   |   |- Guid:F1924B8D48954B30891B2DB6A694F9CC BaseClass: NativeClass:/Script/Engine.StaticMeshActor Name:StaticMeshActor_1 Label:SM_Cube SpatiallyLoaded:1 Bounds:IsValid=true, Min=(X=0.000 Y=0.000 Z=-50.000), Max=(X=6000.000 Y=6000.000 Z=0.000) RuntimeGrid:None EditorOnly:0 RuntimeOnly:0 HLODRelevant:1 FolderPath:Playground FolderGuid:C73F09FC4215536B1DCE2A9E0A830C70
 |   |   |- Guid:F5E3FEB3450C49844FD93DA8E083C8AD BaseClass: NativeClass:/Script/Engine.PostProcessVolume Name:PostProcessVolume_0 Label:PostProcessVolume SpatiallyLoaded:0 Bounds:IsValid=true, Min=(X=0.000 Y=0.000 Z=400.000), Max=(X=200.000 Y=200.000 Z=600.000) RuntimeGrid:None EditorOnly:0 RuntimeOnly:0 HLODRelevant:0 FolderPath:Lighting FolderGuid:963EC3EB4002CCE9759E2EBA541A873A
 |   |   |- Guid:FBBA50104599FD335CCFC58F0DE6FA24 BaseClass: NativeClass:/Script/Engine.StaticMeshActor Name:StaticMeshActor_UAID_8C04BAA09ED00B9501_1927500450 Label:Fence 6 SpatiallyLoaded:1 Bounds:IsValid=true, Min=(X=895.725 Y=1802.512 Z=0.625), Max=(X=907.670 Y=2017.488 Z=102.610) RuntimeGrid:None EditorOnly:0 RuntimeOnly:0 HLODRelevant:1 FolderPath:Fence FolderGuid:C25C52154C5FAAB104B7C9AB480B98E7
 |   |- [+] Clusters:
 |   |   |- [+] [  0]
 |   |   |   |- Guid:6BAF4DDD444C60371492D3919DB42C97 BaseClass: NativeClass:/Script/Engine.WorldDataLayers Name:WorldDataLayers Label:WorldDataLayers SpatiallyLoaded:0 Bounds:IsValid=true, Min=(X=0.000 Y=0.000 Z=0.000), Max=(X=0.000 Y=0.000 Z=0.000) RuntimeGrid:None EditorOnly:0 RuntimeOnly:0 HLODRelevant:0
 |   |   |- [+] [  1]
 |   |   |   |- Guid:F5E3FEB3450C49844FD93DA8E083C8AD BaseClass: NativeClass:/Script/Engine.PostProcessVolume Name:PostProcessVolume_0 Label:PostProcessVolume SpatiallyLoaded:0 Bounds:IsValid=true, Min=(X=0.000 Y=0.000 Z=400.000), Max=(X=200.000 Y=200.000 Z=600.000) RuntimeGrid:None EditorOnly:0 RuntimeOnly:0 HLODRelevant:0 FolderPath:Lighting FolderGuid:963EC3EB4002CCE9759E2EBA541A873A
 |   |   |- [+] [  2]
 |   |   |   |- Guid:4D3BE93F4146AAAC8BBE79999D96D57F BaseClass: NativeClass:/Script/Engine.VolumetricCloud Name:VolumetricCloud_0 Label:VolumetricCloud SpatiallyLoaded:0 Bounds:IsValid=true, Min=(X=0.000 Y=0.000 Z=820.000), Max=(X=0.000 Y=0.000 Z=820.000) RuntimeGrid:None EditorOnly:0 RuntimeOnly:0 HLODRelevant:0 FolderPath:Lighting FolderGuid:963EC3EB4002CCE9759E2EBA541A873A
 |   |   |- [+] [  3]
 |   |   |   |- Guid:CCFF262C46EEFFDF319E7F9539CE697E BaseClass: NativeClass:/Script/Engine.SkyAtmosphere Name:SkyAtmosphere_0 Label:SkyAtmosphere SpatiallyLoaded:0 Bounds:IsValid=true, Min=(X=0.000 Y=0.000 Z=1020.000), Max=(X=0.000 Y=0.000 Z=1020.000) RuntimeGrid:None EditorOnly:0 RuntimeOnly:0 HLODRelevant:0 FolderPath:Lighting FolderGuid:963EC3EB4002CCE9759E2EBA541A873A
 |   |   |- [+] [  4]
 |   |   |   |- Guid:EC4E0C944CE6AC6E784BC6BB2916EA13 BaseClass: NativeClass:/Script/Engine.StaticMeshActor Name:StaticMeshActor_UAID_A4AE111137DC5EFB00_1110535423 Label:SM_SkySphere SpatiallyLoaded:0 Bounds:IsValid=true, Min=(X=-1638400.000 Y=-1638400.000 Z=-1638400.000), Max=(X=1638400.000 Y=1638400.000 Z=1638400.000) RuntimeGrid:None EditorOnly:0 RuntimeOnly:0 HLODRelevant:1 FolderPath:Lighting FolderGuid:963EC3EB4002CCE9759E2EBA541A873A
 |   |   |- [+] [  5]
 |   |   |   |- Guid:B785ED2844B84CFB91E7F39FE661CD99 BaseClass: NativeClass:/Script/Engine.DirectionalLight Name:DirectionalLight_0 Label:DirectionalLight SpatiallyLoaded:0 Bounds:IsValid=true, Min=(X=-1048576.000 Y=-1048576.000 Z=-1048576.000), Max=(X=1048576.000 Y=1048576.000 Z=1048576.000) RuntimeGrid:None EditorOnly:0 RuntimeOnly:0 HLODRelevant:0 FolderPath:Lighting FolderGuid:963EC3EB4002CCE9759E2EBA541A873A
 |   |   |- [+] [  6]
 |   |   |   |- Guid:316CF2A6494ACA4C0E4180A87D36AB8F BaseClass: NativeClass:/Script/Engine.ExponentialHeightFog Name:ExponentialHeightFog_0 Label:ExponentialHeightFog SpatiallyLoaded:0 Bounds:IsValid=true, Min=(X=-5600.000 Y=-50.000 Z=-6850.000), Max=(X=-5600.000 Y=-50.000 Z=-6850.000) RuntimeGrid:None EditorOnly:0 RuntimeOnly:0 HLODRelevant:0 FolderPath:Lighting FolderGuid:963EC3EB4002CCE9759E2EBA541A873A
 |   |   |- [+] [  7]
 |   |   |   |- Guid:F1924B8D48954B30891B2DB6A694F9CC BaseClass: NativeClass:/Script/Engine.StaticMeshActor Name:StaticMeshActor_1 Label:SM_Cube SpatiallyLoaded:1 Bounds:IsValid=true, Min=(X=0.000 Y=0.000 Z=-50.000), Max=(X=6000.000 Y=6000.000 Z=0.000) RuntimeGrid:None EditorOnly:0 RuntimeOnly:0 HLODRelevant:1 FolderPath:Playground FolderGuid:C73F09FC4215536B1DCE2A9E0A830C70
 |   |   |- [+] [  8]
 |   |   |   |- Guid:2FB58999456391D349DC0F86DAC136ED BaseClass: NativeClass:/Script/Engine.SkyLight Name:SkyLight_1 Label:SkyLight SpatiallyLoaded:0 Bounds:IsValid=true, Min=(X=0.000 Y=0.000 Z=690.000), Max=(X=0.000 Y=0.000 Z=690.000) RuntimeGrid:None EditorOnly:0 RuntimeOnly:0 HLODRelevant:0 FolderPath:Lighting FolderGuid:963EC3EB4002CCE9759E2EBA541A873A
 |   |   |- [+] [  9]
 |   |   |   |- Guid:D9C9905C48B7F9185A6F40848A225E34 BaseClass: NativeClass:/Script/Engine.StaticMeshActor Name:StaticMeshActor_UAID_8C04BAA09ED00B9501_1715129444 Label:beet SpatiallyLoaded:1 Bounds:IsValid=true, Min=(X=611.000 Y=1861.000 Z=-0.000), Max=(X=709.000 Y=1959.000 Z=3.216) RuntimeGrid:None EditorOnly:0 RuntimeOnly:0 HLODRelevant:1
 |   |   |- [+] [ 10]
 |   |   |   |- Guid:3A00AA1C422CE54C0BDB60BAF471BFBB BaseClass: NativeClass:/Script/Engine.PlayerStart Name:PlayerStart_0 Label:PlayerStart SpatiallyLoaded:0 Bounds:IsValid=true, Min=(X=860.000 Y=1070.000 Z=0.013), Max=(X=940.000 Y=1150.000 Z=184.013) RuntimeGrid:None EditorOnly:0 RuntimeOnly:0 HLODRelevant:0
 |   |   |- [+] [ 11]
 |   |   |   |- Guid:041ADE6F4B8BF887DD87FE9D3BB447A9 BaseClass:/Game/Cloud/BP_Cloud.BP_Cloud_C NativeClass:/Script/Engine.Actor Name:BP_Cloud_C_UAID_8C04BAA09ED00B9501_1083108443 Label:BP_Cloud SpatiallyLoaded:1 Bounds:IsValid=true, Min=(X=334.454 Y=868.499 Z=-28.753), Max=(X=551.381 Y=1089.694 Z=455.034) RuntimeGrid:None EditorOnly:0 RuntimeOnly:0 HLODRelevant:0
 |   |   |- [+] [ 12]
 |   |   |   |- Guid:9DE9FA3A470368787EB3E5941CB56978 BaseClass: NativeClass:/Script/Engine.StaticMeshActor Name:StaticMeshActor_UAID_8C04BAA09ED00B9501_1826282445 Label:Fence 1 SpatiallyLoaded:1 Bounds:IsValid=true, Min=(X=895.725 Y=1172.512 Z=0.625), Max=(X=907.670 Y=1387.488 Z=102.610) RuntimeGrid:None EditorOnly:0 RuntimeOnly:0 HLODRelevant:1 FolderPath:Fence FolderGuid:C25C52154C5FAAB104B7C9AB480B98E7
 |   |   |- [+] [ 13]
 |   |   |   |- Guid:138C09DB4A4520735EB194AEFCD81464 BaseClass: NativeClass:/Script/Engine.StaticMeshActor Name:StaticMeshActor_UAID_8C04BAA09ED00B9501_1889555446 Label:Fence 2 SpatiallyLoaded:1 Bounds:IsValid=true, Min=(X=895.725 Y=962.512 Z=0.625), Max=(X=907.670 Y=1177.488 Z=102.610) RuntimeGrid:None EditorOnly:0 RuntimeOnly:0 HLODRelevant:1 FolderPath:Fence FolderGuid:C25C52154C5FAAB104B7C9AB480B98E7
 |   |   |- [+] [ 14]
 |   |   |   |- Guid:62FFA81E49DC33EAC4FFE3905A617F5F BaseClass: NativeClass:/Script/Engine.StaticMeshActor Name:StaticMeshActor_UAID_8C04BAA09ED00B9501_1914756447 Label:Fence 3 SpatiallyLoaded:1 Bounds:IsValid=true, Min=(X=895.725 Y=1592.512 Z=0.625), Max=(X=907.670 Y=1807.488 Z=102.610) RuntimeGrid:None EditorOnly:0 RuntimeOnly:0 HLODRelevant:1 FolderPath:Fence FolderGuid:C25C52154C5FAAB104B7C9AB480B98E7
 |   |   |- [+] [ 15]
 |   |   |   |- Guid:A67E62874D2E976A24336A8C06E7B1D2 BaseClass: NativeClass:/Script/Engine.StaticMeshActor Name:StaticMeshActor_UAID_8C04BAA09ED00B9501_1914758448 Label:Fence 4 SpatiallyLoaded:1 Bounds:IsValid=true, Min=(X=895.725 Y=1382.512 Z=0.625), Max=(X=907.670 Y=1597.488 Z=102.610) RuntimeGrid:None EditorOnly:0 RuntimeOnly:0 HLODRelevant:1 FolderPath:Fence FolderGuid:C25C52154C5FAAB104B7C9AB480B98E7
 |   |   |- [+] [ 16]
 |   |   |   |- Guid:BA2A7A0C40F898D63B9BC6ABE21ACA64 BaseClass: NativeClass:/Script/Engine.StaticMeshActor Name:StaticMeshActor_UAID_8C04BAA09ED00B9501_1927497449 Label:Fence 5 SpatiallyLoaded:1 Bounds:IsValid=true, Min=(X=895.725 Y=2012.512 Z=0.625), Max=(X=907.670 Y=2227.488 Z=102.610) RuntimeGrid:None EditorOnly:0 RuntimeOnly:0 HLODRelevant:1 FolderPath:Fence FolderGuid:C25C52154C5FAAB104B7C9AB480B98E7
 |   |   |- [+] [ 17]
 |   |   |   |- Guid:FBBA50104599FD335CCFC58F0DE6FA24 BaseClass: NativeClass:/Script/Engine.StaticMeshActor Name:StaticMeshActor_UAID_8C04BAA09ED00B9501_1927500450 Label:Fence 6 SpatiallyLoaded:1 Bounds:IsValid=true, Min=(X=895.725 Y=1802.512 Z=0.625), Max=(X=907.670 Y=2017.488 Z=102.610) RuntimeGrid:None EditorOnly:0 RuntimeOnly:0 HLODRelevant:1 FolderPath:Fence FolderGuid:C25C52154C5FAAB104B7C9AB480B98E7
 |   |   |- [+] [ 18]
 |   |   |   |- Guid:E6B1AF30438F10B2D740C5A5287C4BEF BaseClass: NativeClass:/Script/Engine.StaticMeshActor Name:StaticMeshActor_UAID_8C04BAA09ED00B9501_1927502451 Label:Fence 7 SpatiallyLoaded:1 Bounds:IsValid=true, Min=(X=895.725 Y=2432.512 Z=0.625), Max=(X=907.670 Y=2647.488 Z=102.610) RuntimeGrid:None EditorOnly:0 RuntimeOnly:0 HLODRelevant:1 FolderPath:Fence FolderGuid:C25C52154C5FAAB104B7C9AB480B98E7
 |   |   |- [+] [ 19]
 |   |   |   |- Guid:5A188A3D47B8B2C319DA24BFBC938F30 BaseClass: NativeClass:/Script/Engine.StaticMeshActor Name:StaticMeshActor_UAID_8C04BAA09ED00B9501_1927504452 Label:Fence 8 SpatiallyLoaded:1 Bounds:IsValid=true, Min=(X=895.725 Y=2222.512 Z=0.625), Max=(X=907.670 Y=2437.488 Z=102.610) RuntimeGrid:None EditorOnly:0 RuntimeOnly:0 HLODRelevant:1 FolderPath:Fence FolderGuid:C25C52154C5FAAB104B7C9AB480B98E7
 |   |   |- [+] [ 20]
 |   |   |   |- Guid:504F49DD44098692D5D8D0B3D3DC8447 BaseClass: NativeClass:/Script/Engine.StaticMeshActor Name:StaticMeshActor_UAID_8C04BAA09ED00B9501_1935238453 Label:Fence 9 SpatiallyLoaded:1 Bounds:IsValid=true, Min=(X=895.725 Y=2852.512 Z=0.625), Max=(X=907.670 Y=3067.488 Z=102.610) RuntimeGrid:None EditorOnly:0 RuntimeOnly:0 HLODRelevant:1 FolderPath:Fence FolderGuid:C25C52154C5FAAB104B7C9AB480B98E7
 |   |   |- [+] [ 21]
 |   |   |   |- Guid:BC60F2114E929BA1867E509D4974DDE1 BaseClass: NativeClass:/Script/Engine.StaticMeshActor Name:StaticMeshActor_UAID_8C04BAA09ED00B9501_1935240454 Label:Fence 10 SpatiallyLoaded:1 Bounds:IsValid=true, Min=(X=895.725 Y=2642.512 Z=0.625), Max=(X=907.670 Y=2857.488 Z=102.610) RuntimeGrid:None EditorOnly:0 RuntimeOnly:0 HLODRelevant:1 FolderPath:Fence FolderGuid:C25C52154C5FAAB104B7C9AB480B98E7
 |   |   |- [+] [ 22]
 |   |   |   |- Guid:B688BADE4ED30514ADF882B7C7189914 BaseClass: NativeClass:/Script/Engine.StaticMeshActor Name:StaticMeshActor_UAID_8C04BAA09ED00B9501_1935240455 Label:Fence 11 SpatiallyLoaded:1 Bounds:IsValid=true, Min=(X=895.725 Y=3272.512 Z=0.625), Max=(X=907.670 Y=3487.488 Z=102.610) RuntimeGrid:None EditorOnly:0 RuntimeOnly:0 HLODRelevant:1 FolderPath:Fence FolderGuid:C25C52154C5FAAB104B7C9AB480B98E7
 |   |   |- [+] [ 23]
 |   |   |   |- Guid:34251C3444A5B0C395C03D8925509B77 BaseClass: NativeClass:/Script/Engine.StaticMeshActor Name:StaticMeshActor_UAID_8C04BAA09ED00B9501_1935241456 Label:Fence 12 SpatiallyLoaded:1 Bounds:IsValid=true, Min=(X=895.725 Y=3062.512 Z=0.625), Max=(X=907.670 Y=3277.488 Z=102.610) RuntimeGrid:None EditorOnly:0 RuntimeOnly:0 HLODRelevant:1 FolderPath:Fence FolderGuid:C25C52154C5FAAB104B7C9AB480B98E7
 |   |   |- [+] [ 24]
 |   |   |   |- Guid:6CEF59444ECCC0A0B38F9EACDB140C63 BaseClass: NativeClass:/Script/Engine.StaticMeshActor Name:StaticMeshActor_UAID_8C04BAA09ED00B9501_1935242457 Label:Fence 13 SpatiallyLoaded:1 Bounds:IsValid=true, Min=(X=895.725 Y=3692.512 Z=0.625), Max=(X=907.670 Y=3907.488 Z=102.610) RuntimeGrid:None EditorOnly:0 RuntimeOnly:0 HLODRelevant:1 FolderPath:Fence FolderGuid:C25C52154C5FAAB104B7C9AB480B98E7
 |   |   |- [+] [ 25]
 |   |   |   |- Guid:92F57A6747ACFF22C9CAA6823FAEB55C BaseClass: NativeClass:/Script/Engine.StaticMeshActor Name:StaticMeshActor_UAID_8C04BAA09ED00B9501_1935243458 Label:Fence 14 SpatiallyLoaded:1 Bounds:IsValid=true, Min=(X=895.725 Y=3482.512 Z=0.625), Max=(X=907.670 Y=3697.488 Z=102.610) RuntimeGrid:None EditorOnly:0 RuntimeOnly:0 HLODRelevant:1 FolderPath:Fence FolderGuid:C25C52154C5FAAB104B7C9AB480B98E7
 |   |   |- [+] [ 26]
 |   |   |   |- Guid:238A2AE94B75D3AF26BA5CBFB14FAEFA BaseClass: NativeClass:/Script/Engine.StaticMeshActor Name:StaticMeshActor_UAID_8C04BAA09ED00B9501_1935244459 Label:Fence 15 SpatiallyLoaded:1 Bounds:IsValid=true, Min=(X=895.725 Y=4112.512 Z=0.625), Max=(X=907.670 Y=4327.488 Z=102.610) RuntimeGrid:None EditorOnly:0 RuntimeOnly:0 HLODRelevant:1 FolderPath:Fence FolderGuid:C25C52154C5FAAB104B7C9AB480B98E7
 |   |   |- [+] [ 27]
 |   |   |   |- Guid:485DD8DC4B1EC144BEB881BB50FECE55 BaseClass: NativeClass:/Script/Engine.StaticMeshActor Name:StaticMeshActor_UAID_8C04BAA09ED00B9501_1935245460 Label:Fence 16 SpatiallyLoaded:1 Bounds:IsValid=true, Min=(X=895.725 Y=3902.512 Z=0.625), Max=(X=907.670 Y=4117.488 Z=102.610) RuntimeGrid:None EditorOnly:0 RuntimeOnly:0 HLODRelevant:1 FolderPath:Fence FolderGuid:C25C52154C5FAAB104B7C9AB480B98E7
 |- ContainerInstances:
 |- [+] MainContainer:
 |   |-        ID: 0x0000000000000000
 |   |-    Bounds: IsValid=false, Min=(X=0.000 Y=0.000 Z=0.000), Max=(X=0.000 Y=0.000 Z=0.000)
 |   |- Transform: 0.000000,0.000000,0.000000|0.000000,0.000000,-0.000000|1.000000,1.000000,1.000000
 |   |- Container: /Game/ThirdPerson/Maps/ThirdPersonMap
----------------------------------------------------------------------------------------------------------------
ThirdPersonMap - Persistent Level
----------------------------------------------------------------------------------------------------------------
Always loaded Actor Count: 40 

----------------------------------------------------------------------------------------------------------------
ThirdPersonMap - Runtime Spatial Hash - Streaming Grid - MainGrid
----------------------------------------------------------------------------------------------------------------
            Origin: X=0.000 Y=0.000 Z=0.000
         Cell Size: 12800
      World Bounds: IsValid=false, Min=(X=0.000 Y=0.000 Z=0.000), Max=(X=0.000 Y=0.000 Z=0.000)
     Loading Range: 25600.00
Block Slow Loading: No
 ClientOnlyVisible: No

[+] Grid Levels: 1
 |- Level  0: Cell Count    0 | Cell Size   12800 | Actor Count    0 (0.0%)

[+] Content of Grid Level 0

