[+] Containers:
 |- [+] Container: /Game/ThirdPerson/Maps/ThirdPersonMap
 |   |- [+] ActorDescs:
 |   |   |- Guid:00D715BA461E14256CFE7DA06539A44F BaseClass: NativeClass:/Script/Engine.StaticMeshActor Name:StaticMeshActor_UAID_8C04BAA09ED00B9501_2032987474 Label:Fence 26 SpatiallyLoaded:1 Bounds:IsValid=true, Min=(X=3422.330 Y=3272.511 Z=0.625), Max=(X=3434.275 Y=3487.488 Z=102.610) RuntimeGrid:None EditorOnly:0 RuntimeOnly:0 HLODRelevant:1 FolderPath:Fence FolderGuid:C25C52154C5FAAB104B7C9AB480B98E7
 |   |   |- Guid:041ADE6F4B8BF887DD87FE9D3BB447A9 BaseClass:/Game/Cloud/BP_Cloud.BP_Cloud_C NativeClass:/Script/Engine.Actor Name:BP_Cloud_C_UAID_8C04BAA09ED00B9501_1083108443 Label:BP_Cloud SpatiallyLoaded:1 Bounds:IsValid=true, Min=(X=334.454 Y=868.499 Z=-28.753), Max=(X=551.381 Y=1089.694 Z=455.034) RuntimeGrid:None EditorOnly:0 RuntimeOnly:0 HLODRelevant:0
 |   |   |- Guid:059BBD354F534871873301B6521728DC BaseClass: NativeClass:/Script/Engine.StaticMeshActor Name:StaticMeshActor_UAID_8C04BAA09ED00B9501_2032996483 Label:Fence 35 SpatiallyLoaded:1 Bounds:IsValid=true, Min=(X=3422.330 Y=962.511 Z=0.625), Max=(X=3434.275 Y=1177.488 Z=102.610) RuntimeGrid:None EditorOnly:0 RuntimeOnly:0 HLODRelevant:1 FolderPath:Fence FolderGuid:C25C52154C5FAAB104B7C9AB480B98E7
 |   |   |- Guid:078B29084DDA65361D7B05BFF7D1D698 BaseClass: NativeClass:/Script/Engine.StaticMeshActor Name:StaticMeshActor_UAID_8C04BAA09ED00B9501_2033006494 Label:Fence 46 SpatiallyLoaded:1 Bounds:IsValid=true, Min=(X=1532.512 Y=955.725 Z=0.625), Max=(X=1747.488 Y=967.670 Z=102.610) RuntimeGrid:None EditorOnly:0 RuntimeOnly:0 HLODRelevant:1 FolderPath:Fence FolderGuid:C25C52154C5FAAB104B7C9AB480B98E7
 |   |   |- Guid:138C09DB4A4520735EB194AEFCD81464 BaseClass: NativeClass:/Script/Engine.StaticMeshActor Name:StaticMeshActor_UAID_8C04BAA09ED00B9501_1889555446 Label:Fence 2 SpatiallyLoaded:1 Bounds:IsValid=true, Min=(X=895.725 Y=962.512 Z=0.625), Max=(X=907.670 Y=1177.488 Z=102.610) RuntimeGrid:None EditorOnly:0 RuntimeOnly:0 HLODRelevant:1 FolderPath:Fence FolderGuid:C25C52154C5FAAB104B7C9AB480B98E7
 |   |   |- Guid:1660F73545A327CEB295E1808E5D8CCD BaseClass: NativeClass:/Script/Engine.StaticMeshActor Name:StaticMeshActor_UAID_8C04BAA09ED00B9501_2032994481 Label:Fence 33 SpatiallyLoaded:1 Bounds:IsValid=true, Min=(X=3422.330 Y=1382.511 Z=0.625), Max=(X=3434.275 Y=1597.488 Z=102.610) RuntimeGrid:None EditorOnly:0 RuntimeOnly:0 HLODRelevant:1 FolderPath:Fence FolderGuid:C25C52154C5FAAB104B7C9AB480B98E7
 |   |   |- Guid:18DAED26465423AF7884A1B6F2ABC7A6 BaseClass: NativeClass:/Script/Engine.StaticMeshActor Name:StaticMeshActor_UAID_8C04BAA09ED00B9501_1972404463 Label:Fence 15 SpatiallyLoaded:1 Bounds:IsValid=true, Min=(X=1532.512 Y=3482.330 Z=0.625), Max=(X=1747.488 Y=3494.275 Z=102.610) RuntimeGrid:None EditorOnly:0 RuntimeOnly:0 HLODRelevant:1 FolderPath:Fence FolderGuid:C25C52154C5FAAB104B7C9AB480B98E7
 |   |   |- Guid:1B3871FD440DE9BDE80C2D9634DF6114 BaseClass: NativeClass:/Script/Engine.StaticMeshActor Name:StaticMeshActor_UAID_8C04BAA09ED00B9501_2032988476 Label:Fence 28 SpatiallyLoaded:1 Bounds:IsValid=true, Min=(X=3422.330 Y=2852.511 Z=0.625), Max=(X=3434.275 Y=3067.488 Z=102.610) RuntimeGrid:None EditorOnly:0 RuntimeOnly:0 HLODRelevant:1 FolderPath:Fence FolderGuid:C25C52154C5FAAB104B7C9AB480B98E7
 |   |   |- Guid:1D73F85E4F0F10933E607EAB06F46F5C BaseClass: NativeClass:/Script/Engine.StaticMeshActor Name:StaticMeshActor_UAID_8C04BAA09ED00B9501_1972409468 Label:Fence 20 SpatiallyLoaded:1 Bounds:IsValid=true, Min=(X=2162.512 Y=3482.330 Z=0.625), Max=(X=2377.488 Y=3494.275 Z=102.610) RuntimeGrid:None EditorOnly:0 RuntimeOnly:0 HLODRelevant:1 FolderPath:Fence FolderGuid:C25C52154C5FAAB104B7C9AB480B98E7
 |   |   |- Guid:278DA53E46AE9A5DF9F6E1AA6DCEC504 BaseClass: NativeClass:/Script/Engine.StaticMeshActor Name:StaticMeshActor_UAID_8C04BAA09ED00B9501_2033000487 Label:Fence 39 SpatiallyLoaded:1 Bounds:IsValid=true, Min=(X=2582.512 Y=955.725 Z=0.625), Max=(X=2797.488 Y=967.670 Z=102.610) RuntimeGrid:None EditorOnly:0 RuntimeOnly:0 HLODRelevant:1 FolderPath:Fence FolderGuid:C25C52154C5FAAB104B7C9AB480B98E7
 |   |   |- Guid:29E2A5FC4737259F5FC75D818E0CB73A BaseClass: NativeClass:/Script/Engine.StaticMeshActor Name:StaticMeshActor_UAID_8C04BAA09ED00B9501_2032992479 Label:Fence 31 SpatiallyLoaded:1 Bounds:IsValid=true, Min=(X=3422.330 Y=1802.511 Z=0.625), Max=(X=3434.275 Y=2017.488 Z=102.610) RuntimeGrid:None EditorOnly:0 RuntimeOnly:0 HLODRelevant:1 FolderPath:Fence FolderGuid:C25C52154C5FAAB104B7C9AB480B98E7
 |   |   |- Guid:2FB58999456391D349DC0F86DAC136ED BaseClass: NativeClass:/Script/Engine.SkyLight Name:SkyLight_1 Label:SkyLight SpatiallyLoaded:0 Bounds:IsValid=true, Min=(X=0.000 Y=0.000 Z=690.000), Max=(X=0.000 Y=0.000 Z=690.000) RuntimeGrid:None EditorOnly:0 RuntimeOnly:0 HLODRelevant:0 FolderPath:Lighting FolderGuid:963EC3EB4002CCE9759E2EBA541A873A
 |   |   |- Guid:316CF2A6494ACA4C0E4180A87D36AB8F BaseClass: NativeClass:/Script/Engine.ExponentialHeightFog Name:ExponentialHeightFog_0 Label:ExponentialHeightFog SpatiallyLoaded:0 Bounds:IsValid=true, Min=(X=-5600.000 Y=-50.000 Z=-6850.000), Max=(X=-5600.000 Y=-50.000 Z=-6850.000) RuntimeGrid:None EditorOnly:0 RuntimeOnly:0 HLODRelevant:0 FolderPath:Lighting FolderGuid:963EC3EB4002CCE9759E2EBA541A873A
 |   |   |- Guid:34251C3444A5B0C395C03D8925509B77 BaseClass: NativeClass:/Script/Engine.StaticMeshActor Name:StaticMeshActor_UAID_8C04BAA09ED00B9501_1935241456 Label:Fence 12 SpatiallyLoaded:1 Bounds:IsValid=true, Min=(X=895.725 Y=3062.512 Z=0.625), Max=(X=907.670 Y=3277.488 Z=102.610) RuntimeGrid:None EditorOnly:0 RuntimeOnly:0 HLODRelevant:1 FolderPath:Fence FolderGuid:C25C52154C5FAAB104B7C9AB480B98E7
 |   |   |- Guid:3A00AA1C422CE54C0BDB60BAF471BFBB BaseClass: NativeClass:/Script/Engine.PlayerStart Name:PlayerStart_0 Label:PlayerStart SpatiallyLoaded:0 Bounds:IsValid=true, Min=(X=970.000 Y=1230.000 Z=0.013), Max=(X=1050.000 Y=1310.000 Z=184.013) RuntimeGrid:None EditorOnly:0 RuntimeOnly:0 HLODRelevant:0
 |   |   |- Guid:46A3BE21454C5DB723F009A117A52184 BaseClass: NativeClass:/Script/Engine.StaticMeshActor Name:StaticMeshActor_UAID_8C04BAA09ED00B9501_2033007495 Label:Fence 47 SpatiallyLoaded:1 Bounds:IsValid=true, Min=(X=902.512 Y=955.725 Z=0.625), Max=(X=1117.488 Y=967.670 Z=102.610) RuntimeGrid:None EditorOnly:0 RuntimeOnly:0 HLODRelevant:1 FolderPath:Fence FolderGuid:C25C52154C5FAAB104B7C9AB480B98E7
 |   |   |- Guid:4D3BE93F4146AAAC8BBE79999D96D57F BaseClass: NativeClass:/Script/Engine.VolumetricCloud Name:VolumetricCloud_0 Label:VolumetricCloud SpatiallyLoaded:0 Bounds:IsValid=true, Min=(X=0.000 Y=0.000 Z=820.000), Max=(X=0.000 Y=0.000 Z=820.000) RuntimeGrid:None EditorOnly:0 RuntimeOnly:0 HLODRelevant:0 FolderPath:Lighting FolderGuid:963EC3EB4002CCE9759E2EBA541A873A
 |   |   |- Guid:4DE336E146463995E28BA483FC86EF7E BaseClass: NativeClass:/Script/Engine.StaticMeshActor Name:StaticMeshActor_UAID_8C04BAA09ED00B9501_2032991478 Label:Fence 30 SpatiallyLoaded:1 Bounds:IsValid=true, Min=(X=3422.330 Y=2432.511 Z=0.625), Max=(X=3434.275 Y=2647.488 Z=102.610) RuntimeGrid:None EditorOnly:0 RuntimeOnly:0 HLODRelevant:1 FolderPath:Fence FolderGuid:C25C52154C5FAAB104B7C9AB480B98E7
 |   |   |- Guid:504F49DD44098692D5D8D0B3D3DC8447 BaseClass: NativeClass:/Script/Engine.StaticMeshActor Name:StaticMeshActor_UAID_8C04BAA09ED00B9501_1935238453 Label:Fence 9 SpatiallyLoaded:1 Bounds:IsValid=true, Min=(X=895.725 Y=2852.512 Z=0.625), Max=(X=907.670 Y=3067.488 Z=102.610) RuntimeGrid:None EditorOnly:0 RuntimeOnly:0 HLODRelevant:1 FolderPath:Fence FolderGuid:C25C52154C5FAAB104B7C9AB480B98E7
 |   |   |- Guid:5A188A3D47B8B2C319DA24BFBC938F30 BaseClass: NativeClass:/Script/Engine.StaticMeshActor Name:StaticMeshActor_UAID_8C04BAA09ED00B9501_1927504452 Label:Fence 8 SpatiallyLoaded:1 Bounds:IsValid=true, Min=(X=895.725 Y=2222.512 Z=0.625), Max=(X=907.670 Y=2437.488 Z=102.610) RuntimeGrid:None EditorOnly:0 RuntimeOnly:0 HLODRelevant:1 FolderPath:Fence FolderGuid:C25C52154C5FAAB104B7C9AB480B98E7
 |   |   |- Guid:60C68314436A67DBA1D422A41F15EA8E BaseClass: NativeClass:/Script/Engine.StaticMeshActor Name:StaticMeshActor_UAID_8C04BAA09ED00B9501_1972410469 Label:Fence 21 SpatiallyLoaded:1 Bounds:IsValid=true, Min=(X=2792.512 Y=3482.330 Z=0.625), Max=(X=3007.488 Y=3494.275 Z=102.610) RuntimeGrid:None EditorOnly:0 RuntimeOnly:0 HLODRelevant:1 FolderPath:Fence FolderGuid:C25C52154C5FAAB104B7C9AB480B98E7
 |   |   |- Guid:62E294A64CC78A690C0957A434BFF2D8 BaseClass: NativeClass:/Script/Engine.StaticMeshActor Name:StaticMeshActor_UAID_8C04BAA09ED00B9501_1972413471 Label:Fence 23 SpatiallyLoaded:1 Bounds:IsValid=true, Min=(X=3212.512 Y=3482.330 Z=0.625), Max=(X=3427.488 Y=3494.275 Z=102.610) RuntimeGrid:None EditorOnly:0 RuntimeOnly:0 HLODRelevant:1 FolderPath:Fence FolderGuid:C25C52154C5FAAB104B7C9AB480B98E7
 |   |   |- Guid:62FFA81E49DC33EAC4FFE3905A617F5F BaseClass: NativeClass:/Script/Engine.StaticMeshActor Name:StaticMeshActor_UAID_8C04BAA09ED00B9501_1914756447 Label:Fence 3 SpatiallyLoaded:1 Bounds:IsValid=true, Min=(X=895.725 Y=1592.512 Z=0.625), Max=(X=907.670 Y=1807.488 Z=102.610) RuntimeGrid:None EditorOnly:0 RuntimeOnly:0 HLODRelevant:1 FolderPath:Fence FolderGuid:C25C52154C5FAAB104B7C9AB480B98E7
 |   |   |- Guid:678F5017434FD2B3DE4CFCAE35E98430 BaseClass: NativeClass:/Script/Engine.StaticMeshActor Name:StaticMeshActor_UAID_8C04BAA09ED00B9501_1972408466 Label:Fence 18 SpatiallyLoaded:1 Bounds:IsValid=true, Min=(X=1742.512 Y=3482.330 Z=0.625), Max=(X=1957.488 Y=3494.275 Z=102.610) RuntimeGrid:None EditorOnly:0 RuntimeOnly:0 HLODRelevant:1 FolderPath:Fence FolderGuid:C25C52154C5FAAB104B7C9AB480B98E7
 |   |   |- Guid:6BAF4DDD444C60371492D3919DB42C97 BaseClass: NativeClass:/Script/Engine.WorldDataLayers Name:WorldDataLayers Label:WorldDataLayers SpatiallyLoaded:0 Bounds:IsValid=true, Min=(X=0.000 Y=0.000 Z=0.000), Max=(X=0.000 Y=0.000 Z=0.000) RuntimeGrid:None EditorOnly:0 RuntimeOnly:0 HLODRelevant:0
 |   |   |- Guid:723FC55F4427A83B7A178CAE456001B9 BaseClass: NativeClass:/Script/Engine.StaticMeshActor Name:StaticMeshActor_UAID_8C04BAA09ED00B9501_2033002490 Label:Fence 42 SpatiallyLoaded:1 Bounds:IsValid=true, Min=(X=2372.512 Y=955.725 Z=0.625), Max=(X=2587.488 Y=967.670 Z=102.610) RuntimeGrid:None EditorOnly:0 RuntimeOnly:0 HLODRelevant:1 FolderPath:Fence FolderGuid:C25C52154C5FAAB104B7C9AB480B98E7
 |   |   |- Guid:7416EF424EB090D2949FA0BB4470A1D9 BaseClass: NativeClass:/Script/Engine.StaticMeshActor Name:StaticMeshActor_UAID_8C04BAA09ED00B9501_2032988475 Label:Fence 27 SpatiallyLoaded:1 Bounds:IsValid=true, Min=(X=3422.330 Y=2642.511 Z=0.625), Max=(X=3434.275 Y=2857.488 Z=102.610) RuntimeGrid:None EditorOnly:0 RuntimeOnly:0 HLODRelevant:1 FolderPath:Fence FolderGuid:C25C52154C5FAAB104B7C9AB480B98E7
 |   |   |- Guid:75BBDC3D4F3A5DAC6B8A249A6FAD3B05 BaseClass: NativeClass:/Script/Engine.StaticMeshActor Name:StaticMeshActor_UAID_8C04BAA09ED00B9501_1972411470 Label:Fence 22 SpatiallyLoaded:1 Bounds:IsValid=true, Min=(X=2582.512 Y=3482.330 Z=0.625), Max=(X=2797.488 Y=3494.275 Z=102.610) RuntimeGrid:None EditorOnly:0 RuntimeOnly:0 HLODRelevant:1 FolderPath:Fence FolderGuid:C25C52154C5FAAB104B7C9AB480B98E7
 |   |   |- Guid:77266882498045D22B3FF48DAD6E5132 BaseClass: NativeClass:/Script/Engine.StaticMeshActor Name:StaticMeshActor_UAID_8C04BAA09ED00B9501_2033001489 Label:Fence 41 SpatiallyLoaded:1 Bounds:IsValid=true, Min=(X=2162.512 Y=955.725 Z=0.625), Max=(X=2377.488 Y=967.670 Z=102.610) RuntimeGrid:None EditorOnly:0 RuntimeOnly:0 HLODRelevant:1 FolderPath:Fence FolderGuid:C25C52154C5FAAB104B7C9AB480B98E7
 |   |   |- Guid:7FF4AAFB42114650F5C519994F24E43D BaseClass: NativeClass:/Script/Engine.StaticMeshActor Name:StaticMeshActor_UAID_8C04BAA09ED00B9501_1972403462 Label:Fence 14 SpatiallyLoaded:1 Bounds:IsValid=true, Min=(X=902.512 Y=3482.330 Z=0.625), Max=(X=1117.488 Y=3494.275 Z=102.610) RuntimeGrid:None EditorOnly:0 RuntimeOnly:0 HLODRelevant:1 FolderPath:Fence FolderGuid:C25C52154C5FAAB104B7C9AB480B98E7
 |   |   |- Guid:8070CE2B49B5E698A2961ABE8AFD15C9 BaseClass: NativeClass:/Script/Engine.StaticMeshActor Name:StaticMeshActor_UAID_8C04BAA09ED00B9501_1972401461 Label:Fence 13 SpatiallyLoaded:1 Bounds:IsValid=true, Min=(X=1112.512 Y=3482.330 Z=0.625), Max=(X=1327.488 Y=3494.275 Z=102.610) RuntimeGrid:None EditorOnly:0 RuntimeOnly:0 HLODRelevant:1 FolderPath:Fence FolderGuid:C25C52154C5FAAB104B7C9AB480B98E7
 |   |   |- Guid:87DAE4C04BD72559AC865C9C3B5EE1FB BaseClass: NativeClass:/Script/Engine.StaticMeshActor Name:StaticMeshActor_UAID_8C04BAA09ED00B9501_1972414472 Label:Fence 24 SpatiallyLoaded:1 Bounds:IsValid=true, Min=(X=3002.512 Y=3482.330 Z=0.625), Max=(X=3217.488 Y=3494.275 Z=102.610) RuntimeGrid:None EditorOnly:0 RuntimeOnly:0 HLODRelevant:1 FolderPath:Fence FolderGuid:C25C52154C5FAAB104B7C9AB480B98E7
 |   |   |- Guid:8806C0DD4756DA78978E048EA0A017AF BaseClass: NativeClass:/Script/Engine.StaticMeshActor Name:StaticMeshActor_UAID_8C04BAA09ED00B9501_2032990477 Label:Fence 29 SpatiallyLoaded:1 Bounds:IsValid=true, Min=(X=3422.330 Y=2222.511 Z=0.625), Max=(X=3434.275 Y=2437.488 Z=102.610) RuntimeGrid:None EditorOnly:0 RuntimeOnly:0 HLODRelevant:1 FolderPath:Fence FolderGuid:C25C52154C5FAAB104B7C9AB480B98E7
 |   |   |- Guid:97CD294240A7AB28A7EEEC8E25F42DFC BaseClass: NativeClass:/Script/Engine.StaticMeshActor Name:StaticMeshActor_UAID_8C04BAA09ED00B9501_1972409467 Label:Fence 19 SpatiallyLoaded:1 Bounds:IsValid=true, Min=(X=2372.512 Y=3482.330 Z=0.625), Max=(X=2587.488 Y=3494.275 Z=102.610) RuntimeGrid:None EditorOnly:0 RuntimeOnly:0 HLODRelevant:1 FolderPath:Fence FolderGuid:C25C52154C5FAAB104B7C9AB480B98E7
 |   |   |- Guid:99C6F7B94FDB555ADBA811A579FF5822 BaseClass: NativeClass:/Script/Engine.StaticMeshActor Name:StaticMeshActor_UAID_8C04BAA09ED00B9501_2085070497 Label:silo SpatiallyLoaded:1 Bounds:IsValid=true, Min=(X=3061.259 Y=1001.259 Z=0.000), Max=(X=3398.741 Y=1338.741 Z=532.424) RuntimeGrid:None EditorOnly:0 RuntimeOnly:0 HLODRelevant:1
 |   |   |- Guid:9DE9FA3A470368787EB3E5941CB56978 BaseClass: NativeClass:/Script/Engine.StaticMeshActor Name:StaticMeshActor_UAID_8C04BAA09ED00B9501_1826282445 Label:Fence 1 SpatiallyLoaded:1 Bounds:IsValid=true, Min=(X=895.725 Y=1172.512 Z=0.625), Max=(X=907.670 Y=1387.488 Z=102.610) RuntimeGrid:None EditorOnly:0 RuntimeOnly:0 HLODRelevant:1 FolderPath:Fence FolderGuid:C25C52154C5FAAB104B7C9AB480B98E7
 |   |   |- Guid:A67E62874D2E976A24336A8C06E7B1D2 BaseClass: NativeClass:/Script/Engine.StaticMeshActor Name:StaticMeshActor_UAID_8C04BAA09ED00B9501_1914758448 Label:Fence 4 SpatiallyLoaded:1 Bounds:IsValid=true, Min=(X=895.725 Y=1382.512 Z=0.625), Max=(X=907.670 Y=1597.488 Z=102.610) RuntimeGrid:None EditorOnly:0 RuntimeOnly:0 HLODRelevant:1 FolderPath:Fence FolderGuid:C25C52154C5FAAB104B7C9AB480B98E7
 |   |   |- Guid:A7D0A1C84A33DA6AB1510E98A64FF4EC BaseClass: NativeClass:/Script/Engine.StaticMeshActor Name:StaticMeshActor_UAID_8C04BAA09ED00B9501_1972405464 Label:Fence 16 SpatiallyLoaded:1 Bounds:IsValid=true, Min=(X=1322.512 Y=3482.330 Z=0.625), Max=(X=1537.488 Y=3494.275 Z=102.610) RuntimeGrid:None EditorOnly:0 RuntimeOnly:0 HLODRelevant:1 FolderPath:Fence FolderGuid:C25C52154C5FAAB104B7C9AB480B98E7
 |   |   |- Guid:AFFBF500453AB6AEFF462297F3863F41 BaseClass: NativeClass:/Script/Engine.StaticMeshActor Name:StaticMeshActor_UAID_8C04BAA09ED00B9501_2032993480 Label:Fence 32 SpatiallyLoaded:1 Bounds:IsValid=true, Min=(X=3422.330 Y=2012.511 Z=0.625), Max=(X=3434.275 Y=2227.488 Z=102.610) RuntimeGrid:None EditorOnly:0 RuntimeOnly:0 HLODRelevant:1 FolderPath:Fence FolderGuid:C25C52154C5FAAB104B7C9AB480B98E7
 |   |   |- Guid:B20C451E4AE9FB31FBB356BB5F7F150C BaseClass: NativeClass:/Script/Engine.StaticMeshActor Name:StaticMeshActor_UAID_8C04BAA09ED00B9501_2033004492 Label:Fence 44 SpatiallyLoaded:1 Bounds:IsValid=true, Min=(X=1952.512 Y=955.725 Z=0.625), Max=(X=2167.488 Y=967.670 Z=102.610) RuntimeGrid:None EditorOnly:0 RuntimeOnly:0 HLODRelevant:1 FolderPath:Fence FolderGuid:C25C52154C5FAAB104B7C9AB480B98E7
 |   |   |- Guid:B23BED54404F205132D078816E1D6ED9 BaseClass: NativeClass:/Script/Engine.StaticMeshActor Name:StaticMeshActor_UAID_8C04BAA09ED00B9501_2033007496 Label:Fence 48 SpatiallyLoaded:1 Bounds:IsValid=true, Min=(X=1112.512 Y=955.725 Z=0.625), Max=(X=1327.488 Y=967.670 Z=102.610) RuntimeGrid:None EditorOnly:0 RuntimeOnly:0 HLODRelevant:1 FolderPath:Fence FolderGuid:C25C52154C5FAAB104B7C9AB480B98E7
 |   |   |- Guid:B27017AB46C59A2968DB358739770194 BaseClass: NativeClass:/Script/Engine.StaticMeshActor Name:StaticMeshActor_UAID_8C04BAA09ED00B9501_2032995482 Label:Fence 34 SpatiallyLoaded:1 Bounds:IsValid=true, Min=(X=3422.330 Y=1592.511 Z=0.625), Max=(X=3434.275 Y=1807.488 Z=102.610) RuntimeGrid:None EditorOnly:0 RuntimeOnly:0 HLODRelevant:1 FolderPath:Fence FolderGuid:C25C52154C5FAAB104B7C9AB480B98E7
 |   |   |- Guid:B688BADE4ED30514ADF882B7C7189914 BaseClass: NativeClass:/Script/Engine.StaticMeshActor Name:StaticMeshActor_UAID_8C04BAA09ED00B9501_1935240455 Label:Fence 11 SpatiallyLoaded:1 Bounds:IsValid=true, Min=(X=895.725 Y=3272.512 Z=0.625), Max=(X=907.670 Y=3487.488 Z=102.610) RuntimeGrid:None EditorOnly:0 RuntimeOnly:0 HLODRelevant:1 FolderPath:Fence FolderGuid:C25C52154C5FAAB104B7C9AB480B98E7
 |   |   |- Guid:B785ED2844B84CFB91E7F39FE661CD99 BaseClass: NativeClass:/Script/Engine.DirectionalLight Name:DirectionalLight_0 Label:DirectionalLight SpatiallyLoaded:0 Bounds:IsValid=true, Min=(X=-1048576.000 Y=-1048576.000 Z=-1048576.000), Max=(X=1048576.000 Y=1048576.000 Z=1048576.000) RuntimeGrid:None EditorOnly:0 RuntimeOnly:0 HLODRelevant:0 FolderPath:Lighting FolderGuid:963EC3EB4002CCE9759E2EBA541A873A
 |   |   |- Guid:BA2A7A0C40F898D63B9BC6ABE21ACA64 BaseClass: NativeClass:/Script/Engine.StaticMeshActor Name:StaticMeshActor_UAID_8C04BAA09ED00B9501_1927497449 Label:Fence 5 SpatiallyLoaded:1 Bounds:IsValid=true, Min=(X=895.725 Y=2012.512 Z=0.625), Max=(X=907.670 Y=2227.488 Z=102.610) RuntimeGrid:None EditorOnly:0 RuntimeOnly:0 HLODRelevant:1 FolderPath:Fence FolderGuid:C25C52154C5FAAB104B7C9AB480B98E7
 |   |   |- Guid:BBC76BD94C69B6B2EC07A6B030BDBFF0 BaseClass: NativeClass:/Script/Engine.StaticMeshActor Name:StaticMeshActor_UAID_8C04BAA09ED00B9501_2032997484 Label:Fence 36 SpatiallyLoaded:1 Bounds:IsValid=true, Min=(X=3422.330 Y=1172.511 Z=0.625), Max=(X=3434.275 Y=1387.488 Z=102.610) RuntimeGrid:None EditorOnly:0 RuntimeOnly:0 HLODRelevant:1 FolderPath:Fence FolderGuid:C25C52154C5FAAB104B7C9AB480B98E7
 |   |   |- Guid:BBC7C54A4A73F4A451EEB38DE2936343 BaseClass: NativeClass:/Script/Engine.StaticMeshActor Name:StaticMeshActor_UAID_8C04BAA09ED00B9501_2033005493 Label:Fence 45 SpatiallyLoaded:1 Bounds:IsValid=true, Min=(X=1322.512 Y=955.725 Z=0.625), Max=(X=1537.488 Y=967.670 Z=102.610) RuntimeGrid:None EditorOnly:0 RuntimeOnly:0 HLODRelevant:1 FolderPath:Fence FolderGuid:C25C52154C5FAAB104B7C9AB480B98E7
 |   |   |- Guid:BC60F2114E929BA1867E509D4974DDE1 BaseClass: NativeClass:/Script/Engine.StaticMeshActor Name:StaticMeshActor_UAID_8C04BAA09ED00B9501_1935240454 Label:Fence 10 SpatiallyLoaded:1 Bounds:IsValid=true, Min=(X=895.725 Y=2642.512 Z=0.625), Max=(X=907.670 Y=2857.488 Z=102.610) RuntimeGrid:None EditorOnly:0 RuntimeOnly:0 HLODRelevant:1 FolderPath:Fence FolderGuid:C25C52154C5FAAB104B7C9AB480B98E7
 |   |   |- Guid:BF11A3F44BA40B60CAB74BA6DFA842CE BaseClass: NativeClass:/Script/Engine.StaticMeshActor Name:StaticMeshActor_UAID_8C04BAA09ED00B9501_2032998485 Label:Fence 37 SpatiallyLoaded:1 Bounds:IsValid=true, Min=(X=3002.512 Y=955.725 Z=0.625), Max=(X=3217.488 Y=967.670 Z=102.610) RuntimeGrid:None EditorOnly:0 RuntimeOnly:0 HLODRelevant:1 FolderPath:Fence FolderGuid:C25C52154C5FAAB104B7C9AB480B98E7
 |   |   |- Guid:BFA3C65D435A9150184B2686F0197CBE BaseClass: NativeClass:/Script/Engine.StaticMeshActor Name:StaticMeshActor_UAID_8C04BAA09ED00B9501_2032999486 Label:Fence 38 SpatiallyLoaded:1 Bounds:IsValid=true, Min=(X=3212.512 Y=955.725 Z=0.625), Max=(X=3427.488 Y=967.670 Z=102.610) RuntimeGrid:None EditorOnly:0 RuntimeOnly:0 HLODRelevant:1 FolderPath:Fence FolderGuid:C25C52154C5FAAB104B7C9AB480B98E7
 |   |   |- Guid:C40D015C4F6DB4C8C90ED2B17C9C2F24 BaseClass: NativeClass:/Script/Engine.StaticMeshActor Name:StaticMeshActor_UAID_8C04BAA09ED00B9501_2033000488 Label:Fence 40 SpatiallyLoaded:1 Bounds:IsValid=true, Min=(X=2792.512 Y=955.725 Z=0.625), Max=(X=3007.488 Y=967.670 Z=102.610) RuntimeGrid:None EditorOnly:0 RuntimeOnly:0 HLODRelevant:1 FolderPath:Fence FolderGuid:C25C52154C5FAAB104B7C9AB480B98E7
 |   |   |- Guid:CCFF262C46EEFFDF319E7F9539CE697E BaseClass: NativeClass:/Script/Engine.SkyAtmosphere Name:SkyAtmosphere_0 Label:SkyAtmosphere SpatiallyLoaded:0 Bounds:IsValid=true, Min=(X=0.000 Y=0.000 Z=1020.000), Max=(X=0.000 Y=0.000 Z=1020.000) RuntimeGrid:None EditorOnly:0 RuntimeOnly:0 HLODRelevant:0 FolderPath:Lighting FolderGuid:963EC3EB4002CCE9759E2EBA541A873A
 |   |   |- Guid:CE5CB3B54C3512CF6B6483890BBDC8D5 BaseClass: NativeClass:/Script/Engine.StaticMeshActor Name:StaticMeshActor_UAID_8C04BAA09ED00B9501_2032985473 Label:Fence 25 SpatiallyLoaded:1 Bounds:IsValid=true, Min=(X=3422.330 Y=3062.511 Z=0.625), Max=(X=3434.275 Y=3277.488 Z=102.610) RuntimeGrid:None EditorOnly:0 RuntimeOnly:0 HLODRelevant:1 FolderPath:Fence FolderGuid:C25C52154C5FAAB104B7C9AB480B98E7
 |   |   |- Guid:D9C9905C48B7F9185A6F40848A225E34 BaseClass: NativeClass:/Script/Engine.StaticMeshActor Name:StaticMeshActor_UAID_8C04BAA09ED00B9501_1715129444 Label:beet SpatiallyLoaded:1 Bounds:IsValid=true, Min=(X=611.000 Y=1861.000 Z=-0.000), Max=(X=709.000 Y=1959.000 Z=3.216) RuntimeGrid:None EditorOnly:0 RuntimeOnly:0 HLODRelevant:1
 |   |   |- Guid:DD421FC7457124127E7712B14B209BD9 BaseClass: NativeClass:/Script/Engine.StaticMeshActor Name:StaticMeshActor_UAID_8C04BAA09ED00B9501_1972406465 Label:Fence 17 SpatiallyLoaded:1 Bounds:IsValid=true, Min=(X=1952.512 Y=3482.330 Z=0.625), Max=(X=2167.488 Y=3494.275 Z=102.610) RuntimeGrid:None EditorOnly:0 RuntimeOnly:0 HLODRelevant:1 FolderPath:Fence FolderGuid:C25C52154C5FAAB104B7C9AB480B98E7
 |   |   |- Guid:E40D321A4145B1ED603465ADF617CE1E BaseClass: NativeClass:/Script/Engine.StaticMeshActor Name:StaticMeshActor_UAID_8C04BAA09ED00B9501_2033003491 Label:Fence 43 SpatiallyLoaded:1 Bounds:IsValid=true, Min=(X=1742.512 Y=955.725 Z=0.625), Max=(X=1957.488 Y=967.670 Z=102.610) RuntimeGrid:None EditorOnly:0 RuntimeOnly:0 HLODRelevant:1 FolderPath:Fence FolderGuid:C25C52154C5FAAB104B7C9AB480B98E7
 |   |   |- Guid:E6B1AF30438F10B2D740C5A5287C4BEF BaseClass: NativeClass:/Script/Engine.StaticMeshActor Name:StaticMeshActor_UAID_8C04BAA09ED00B9501_1927502451 Label:Fence 7 SpatiallyLoaded:1 Bounds:IsValid=true, Min=(X=895.725 Y=2432.512 Z=0.625), Max=(X=907.670 Y=2647.488 Z=102.610) RuntimeGrid:None EditorOnly:0 RuntimeOnly:0 HLODRelevant:1 FolderPath:Fence FolderGuid:C25C52154C5FAAB104B7C9AB480B98E7
 |   |   |- Guid:EC4E0C944CE6AC6E784BC6BB2916EA13 BaseClass: NativeClass:/Script/Engine.StaticMeshActor Name:StaticMeshActor_UAID_A4AE111137DC5EFB00_1110535423 Label:SM_SkySphere SpatiallyLoaded:0 Bounds:IsValid=true, Min=(X=-1638400.000 Y=-1638400.000 Z=-1638400.000), Max=(X=1638400.000 Y=1638400.000 Z=1638400.000) RuntimeGrid:None EditorOnly:0 RuntimeOnly:0 HLODRelevant:1 FolderPath:Lighting FolderGuid:963EC3EB4002CCE9759E2EBA541A873A
 |   |   |- Guid:F1924B8D48954B30891B2DB6A694F9CC BaseClass: NativeClass:/Script/Engine.StaticMeshActor Name:StaticMeshActor_1 Label:SM_Cube SpatiallyLoaded:1 Bounds:IsValid=true, Min=(X=-230.000 Y=-460.000 Z=-50.000), Max=(X=5270.000 Y=5040.000 Z=0.000) RuntimeGrid:None EditorOnly:0 RuntimeOnly:0 HLODRelevant:1 FolderPath:Playground FolderGuid:C73F09FC4215536B1DCE2A9E0A830C70
 |   |   |- Guid:F5E3FEB3450C49844FD93DA8E083C8AD BaseClass: NativeClass:/Script/Engine.PostProcessVolume Name:PostProcessVolume_0 Label:PostProcessVolume SpatiallyLoaded:0 Bounds:IsValid=true, Min=(X=0.000 Y=0.000 Z=400.000), Max=(X=200.000 Y=200.000 Z=600.000) RuntimeGrid:None EditorOnly:0 RuntimeOnly:0 HLODRelevant:0 FolderPath:Lighting FolderGuid:963EC3EB4002CCE9759E2EBA541A873A
 |   |   |- Guid:FA475B7740641EFD6B342DB2A6D078BF BaseClass:/Game/ThirdPerson/Blueprints/Interactable.Interactable_C NativeClass:/Script/Engine.Actor Name:Interactable_C_UAID_8C04BAA09ED00C9501_1269359674 Label:Interactable SpatiallyLoaded:1 Bounds:IsValid=true, Min=(X=1351.000 Y=1421.000 Z=-0.000), Max=(X=1449.000 Y=1519.000 Z=3.216) RuntimeGrid:None EditorOnly:0 RuntimeOnly:0 HLODRelevant:0
 |   |   |- Guid:FBBA50104599FD335CCFC58F0DE6FA24 BaseClass: NativeClass:/Script/Engine.StaticMeshActor Name:StaticMeshActor_UAID_8C04BAA09ED00B9501_1927500450 Label:Fence 6 SpatiallyLoaded:1 Bounds:IsValid=true, Min=(X=895.725 Y=1802.512 Z=0.625), Max=(X=907.670 Y=2017.488 Z=102.610) RuntimeGrid:None EditorOnly:0 RuntimeOnly:0 HLODRelevant:1 FolderPath:Fence FolderGuid:C25C52154C5FAAB104B7C9AB480B98E7
 |   |- [+] Clusters:
 |   |   |- [+] [  0]
 |   |   |   |- Guid:6BAF4DDD444C60371492D3919DB42C97 BaseClass: NativeClass:/Script/Engine.WorldDataLayers Name:WorldDataLayers Label:WorldDataLayers SpatiallyLoaded:0 Bounds:IsValid=true, Min=(X=0.000 Y=0.000 Z=0.000), Max=(X=0.000 Y=0.000 Z=0.000) RuntimeGrid:None EditorOnly:0 RuntimeOnly:0 HLODRelevant:0
 |   |   |- [+] [  1]
 |   |   |   |- Guid:7416EF424EB090D2949FA0BB4470A1D9 BaseClass: NativeClass:/Script/Engine.StaticMeshActor Name:StaticMeshActor_UAID_8C04BAA09ED00B9501_2032988475 Label:Fence 27 SpatiallyLoaded:1 Bounds:IsValid=true, Min=(X=3422.330 Y=2642.511 Z=0.625), Max=(X=3434.275 Y=2857.488 Z=102.610) RuntimeGrid:None EditorOnly:0 RuntimeOnly:0 HLODRelevant:1 FolderPath:Fence FolderGuid:C25C52154C5FAAB104B7C9AB480B98E7
 |   |   |- [+] [  2]
 |   |   |   |- Guid:F5E3FEB3450C49844FD93DA8E083C8AD BaseClass: NativeClass:/Script/Engine.PostProcessVolume Name:PostProcessVolume_0 Label:PostProcessVolume SpatiallyLoaded:0 Bounds:IsValid=true, Min=(X=0.000 Y=0.000 Z=400.000), Max=(X=200.000 Y=200.000 Z=600.000) RuntimeGrid:None EditorOnly:0 RuntimeOnly:0 HLODRelevant:0 FolderPath:Lighting FolderGuid:963EC3EB4002CCE9759E2EBA541A873A
 |   |   |- [+] [  3]
 |   |   |   |- Guid:00D715BA461E14256CFE7DA06539A44F BaseClass: NativeClass:/Script/Engine.StaticMeshActor Name:StaticMeshActor_UAID_8C04BAA09ED00B9501_2032987474 Label:Fence 26 SpatiallyLoaded:1 Bounds:IsValid=true, Min=(X=3422.330 Y=3272.511 Z=0.625), Max=(X=3434.275 Y=3487.488 Z=102.610) RuntimeGrid:None EditorOnly:0 RuntimeOnly:0 HLODRelevant:1 FolderPath:Fence FolderGuid:C25C52154C5FAAB104B7C9AB480B98E7
 |   |   |- [+] [  4]
 |   |   |   |- Guid:CE5CB3B54C3512CF6B6483890BBDC8D5 BaseClass: NativeClass:/Script/Engine.StaticMeshActor Name:StaticMeshActor_UAID_8C04BAA09ED00B9501_2032985473 Label:Fence 25 SpatiallyLoaded:1 Bounds:IsValid=true, Min=(X=3422.330 Y=3062.511 Z=0.625), Max=(X=3434.275 Y=3277.488 Z=102.610) RuntimeGrid:None EditorOnly:0 RuntimeOnly:0 HLODRelevant:1 FolderPath:Fence FolderGuid:C25C52154C5FAAB104B7C9AB480B98E7
 |   |   |- [+] [  5]
 |   |   |   |- Guid:4D3BE93F4146AAAC8BBE79999D96D57F BaseClass: NativeClass:/Script/Engine.VolumetricCloud Name:VolumetricCloud_0 Label:VolumetricCloud SpatiallyLoaded:0 Bounds:IsValid=true, Min=(X=0.000 Y=0.000 Z=820.000), Max=(X=0.000 Y=0.000 Z=820.000) RuntimeGrid:None EditorOnly:0 RuntimeOnly:0 HLODRelevant:0 FolderPath:Lighting FolderGuid:963EC3EB4002CCE9759E2EBA541A873A
 |   |   |- [+] [  6]
 |   |   |   |- Guid:87DAE4C04BD72559AC865C9C3B5EE1FB BaseClass: NativeClass:/Script/Engine.StaticMeshActor Name:StaticMeshActor_UAID_8C04BAA09ED00B9501_1972414472 Label:Fence 24 SpatiallyLoaded:1 Bounds:IsValid=true, Min=(X=3002.512 Y=3482.330 Z=0.625), Max=(X=3217.488 Y=3494.275 Z=102.610) RuntimeGrid:None EditorOnly:0 RuntimeOnly:0 HLODRelevant:1 FolderPath:Fence FolderGuid:C25C52154C5FAAB104B7C9AB480B98E7
 |   |   |- [+] [  7]
 |   |   |   |- Guid:62E294A64CC78A690C0957A434BFF2D8 BaseClass: NativeClass:/Script/Engine.StaticMeshActor Name:StaticMeshActor_UAID_8C04BAA09ED00B9501_1972413471 Label:Fence 23 SpatiallyLoaded:1 Bounds:IsValid=true, Min=(X=3212.512 Y=3482.330 Z=0.625), Max=(X=3427.488 Y=3494.275 Z=102.610) RuntimeGrid:None EditorOnly:0 RuntimeOnly:0 HLODRelevant:1 FolderPath:Fence FolderGuid:C25C52154C5FAAB104B7C9AB480B98E7
 |   |   |- [+] [  8]
 |   |   |   |- Guid:75BBDC3D4F3A5DAC6B8A249A6FAD3B05 BaseClass: NativeClass:/Script/Engine.StaticMeshActor Name:StaticMeshActor_UAID_8C04BAA09ED00B9501_1972411470 Label:Fence 22 SpatiallyLoaded:1 Bounds:IsValid=true, Min=(X=2582.512 Y=3482.330 Z=0.625), Max=(X=2797.488 Y=3494.275 Z=102.610) RuntimeGrid:None EditorOnly:0 RuntimeOnly:0 HLODRelevant:1 FolderPath:Fence FolderGuid:C25C52154C5FAAB104B7C9AB480B98E7
 |   |   |- [+] [  9]
 |   |   |   |- Guid:CCFF262C46EEFFDF319E7F9539CE697E BaseClass: NativeClass:/Script/Engine.SkyAtmosphere Name:SkyAtmosphere_0 Label:SkyAtmosphere SpatiallyLoaded:0 Bounds:IsValid=true, Min=(X=0.000 Y=0.000 Z=1020.000), Max=(X=0.000 Y=0.000 Z=1020.000) RuntimeGrid:None EditorOnly:0 RuntimeOnly:0 HLODRelevant:0 FolderPath:Lighting FolderGuid:963EC3EB4002CCE9759E2EBA541A873A
 |   |   |- [+] [ 10]
 |   |   |   |- Guid:EC4E0C944CE6AC6E784BC6BB2916EA13 BaseClass: NativeClass:/Script/Engine.StaticMeshActor Name:StaticMeshActor_UAID_A4AE111137DC5EFB00_1110535423 Label:SM_SkySphere SpatiallyLoaded:0 Bounds:IsValid=true, Min=(X=-1638400.000 Y=-1638400.000 Z=-1638400.000), Max=(X=1638400.000 Y=1638400.000 Z=1638400.000) RuntimeGrid:None EditorOnly:0 RuntimeOnly:0 HLODRelevant:1 FolderPath:Lighting FolderGuid:963EC3EB4002CCE9759E2EBA541A873A
 |   |   |- [+] [ 11]
 |   |   |   |- Guid:60C68314436A67DBA1D422A41F15EA8E BaseClass: NativeClass:/Script/Engine.StaticMeshActor Name:StaticMeshActor_UAID_8C04BAA09ED00B9501_1972410469 Label:Fence 21 SpatiallyLoaded:1 Bounds:IsValid=true, Min=(X=2792.512 Y=3482.330 Z=0.625), Max=(X=3007.488 Y=3494.275 Z=102.610) RuntimeGrid:None EditorOnly:0 RuntimeOnly:0 HLODRelevant:1 FolderPath:Fence FolderGuid:C25C52154C5FAAB104B7C9AB480B98E7
 |   |   |- [+] [ 12]
 |   |   |   |- Guid:1D73F85E4F0F10933E607EAB06F46F5C BaseClass: NativeClass:/Script/Engine.StaticMeshActor Name:StaticMeshActor_UAID_8C04BAA09ED00B9501_1972409468 Label:Fence 20 SpatiallyLoaded:1 Bounds:IsValid=true, Min=(X=2162.512 Y=3482.330 Z=0.625), Max=(X=2377.488 Y=3494.275 Z=102.610) RuntimeGrid:None EditorOnly:0 RuntimeOnly:0 HLODRelevant:1 FolderPath:Fence FolderGuid:C25C52154C5FAAB104B7C9AB480B98E7
 |   |   |- [+] [ 13]
 |   |   |   |- Guid:97CD294240A7AB28A7EEEC8E25F42DFC BaseClass: NativeClass:/Script/Engine.StaticMeshActor Name:StaticMeshActor_UAID_8C04BAA09ED00B9501_1972409467 Label:Fence 19 SpatiallyLoaded:1 Bounds:IsValid=true, Min=(X=2372.512 Y=3482.330 Z=0.625), Max=(X=2587.488 Y=3494.275 Z=102.610) RuntimeGrid:None EditorOnly:0 RuntimeOnly:0 HLODRelevant:1 FolderPath:Fence FolderGuid:C25C52154C5FAAB104B7C9AB480B98E7
 |   |   |- [+] [ 14]
 |   |   |   |- Guid:678F5017434FD2B3DE4CFCAE35E98430 BaseClass: NativeClass:/Script/Engine.StaticMeshActor Name:StaticMeshActor_UAID_8C04BAA09ED00B9501_1972408466 Label:Fence 18 SpatiallyLoaded:1 Bounds:IsValid=true, Min=(X=1742.512 Y=3482.330 Z=0.625), Max=(X=1957.488 Y=3494.275 Z=102.610) RuntimeGrid:None EditorOnly:0 RuntimeOnly:0 HLODRelevant:1 FolderPath:Fence FolderGuid:C25C52154C5FAAB104B7C9AB480B98E7
 |   |   |- [+] [ 15]
 |   |   |   |- Guid:B785ED2844B84CFB91E7F39FE661CD99 BaseClass: NativeClass:/Script/Engine.DirectionalLight Name:DirectionalLight_0 Label:DirectionalLight SpatiallyLoaded:0 Bounds:IsValid=true, Min=(X=-1048576.000 Y=-1048576.000 Z=-1048576.000), Max=(X=1048576.000 Y=1048576.000 Z=1048576.000) RuntimeGrid:None EditorOnly:0 RuntimeOnly:0 HLODRelevant:0 FolderPath:Lighting FolderGuid:963EC3EB4002CCE9759E2EBA541A873A
 |   |   |- [+] [ 16]
 |   |   |   |- Guid:DD421FC7457124127E7712B14B209BD9 BaseClass: NativeClass:/Script/Engine.StaticMeshActor Name:StaticMeshActor_UAID_8C04BAA09ED00B9501_1972406465 Label:Fence 17 SpatiallyLoaded:1 Bounds:IsValid=true, Min=(X=1952.512 Y=3482.330 Z=0.625), Max=(X=2167.488 Y=3494.275 Z=102.610) RuntimeGrid:None EditorOnly:0 RuntimeOnly:0 HLODRelevant:1 FolderPath:Fence FolderGuid:C25C52154C5FAAB104B7C9AB480B98E7
 |   |   |- [+] [ 17]
 |   |   |   |- Guid:A7D0A1C84A33DA6AB1510E98A64FF4EC BaseClass: NativeClass:/Script/Engine.StaticMeshActor Name:StaticMeshActor_UAID_8C04BAA09ED00B9501_1972405464 Label:Fence 16 SpatiallyLoaded:1 Bounds:IsValid=true, Min=(X=1322.512 Y=3482.330 Z=0.625), Max=(X=1537.488 Y=3494.275 Z=102.610) RuntimeGrid:None EditorOnly:0 RuntimeOnly:0 HLODRelevant:1 FolderPath:Fence FolderGuid:C25C52154C5FAAB104B7C9AB480B98E7
 |   |   |- [+] [ 18]
 |   |   |   |- Guid:18DAED26465423AF7884A1B6F2ABC7A6 BaseClass: NativeClass:/Script/Engine.StaticMeshActor Name:StaticMeshActor_UAID_8C04BAA09ED00B9501_1972404463 Label:Fence 15 SpatiallyLoaded:1 Bounds:IsValid=true, Min=(X=1532.512 Y=3482.330 Z=0.625), Max=(X=1747.488 Y=3494.275 Z=102.610) RuntimeGrid:None EditorOnly:0 RuntimeOnly:0 HLODRelevant:1 FolderPath:Fence FolderGuid:C25C52154C5FAAB104B7C9AB480B98E7
 |   |   |- [+] [ 19]
 |   |   |   |- Guid:316CF2A6494ACA4C0E4180A87D36AB8F BaseClass: NativeClass:/Script/Engine.ExponentialHeightFog Name:ExponentialHeightFog_0 Label:ExponentialHeightFog SpatiallyLoaded:0 Bounds:IsValid=true, Min=(X=-5600.000 Y=-50.000 Z=-6850.000), Max=(X=-5600.000 Y=-50.000 Z=-6850.000) RuntimeGrid:None EditorOnly:0 RuntimeOnly:0 HLODRelevant:0 FolderPath:Lighting FolderGuid:963EC3EB4002CCE9759E2EBA541A873A
 |   |   |- [+] [ 20]
 |   |   |   |- Guid:7FF4AAFB42114650F5C519994F24E43D BaseClass: NativeClass:/Script/Engine.StaticMeshActor Name:StaticMeshActor_UAID_8C04BAA09ED00B9501_1972403462 Label:Fence 14 SpatiallyLoaded:1 Bounds:IsValid=true, Min=(X=902.512 Y=3482.330 Z=0.625), Max=(X=1117.488 Y=3494.275 Z=102.610) RuntimeGrid:None EditorOnly:0 RuntimeOnly:0 HLODRelevant:1 FolderPath:Fence FolderGuid:C25C52154C5FAAB104B7C9AB480B98E7
 |   |   |- [+] [ 21]
 |   |   |   |- Guid:8070CE2B49B5E698A2961ABE8AFD15C9 BaseClass: NativeClass:/Script/Engine.StaticMeshActor Name:StaticMeshActor_UAID_8C04BAA09ED00B9501_1972401461 Label:Fence 13 SpatiallyLoaded:1 Bounds:IsValid=true, Min=(X=1112.512 Y=3482.330 Z=0.625), Max=(X=1327.488 Y=3494.275 Z=102.610) RuntimeGrid:None EditorOnly:0 RuntimeOnly:0 HLODRelevant:1 FolderPath:Fence FolderGuid:C25C52154C5FAAB104B7C9AB480B98E7
 |   |   |- [+] [ 22]
 |   |   |   |- Guid:F1924B8D48954B30891B2DB6A694F9CC BaseClass: NativeClass:/Script/Engine.StaticMeshActor Name:StaticMeshActor_1 Label:SM_Cube SpatiallyLoaded:1 Bounds:IsValid=true, Min=(X=-230.000 Y=-460.000 Z=-50.000), Max=(X=5270.000 Y=5040.000 Z=0.000) RuntimeGrid:None EditorOnly:0 RuntimeOnly:0 HLODRelevant:1 FolderPath:Playground FolderGuid:C73F09FC4215536B1DCE2A9E0A830C70
 |   |   |- [+] [ 23]
 |   |   |   |- Guid:34251C3444A5B0C395C03D8925509B77 BaseClass: NativeClass:/Script/Engine.StaticMeshActor Name:StaticMeshActor_UAID_8C04BAA09ED00B9501_1935241456 Label:Fence 12 SpatiallyLoaded:1 Bounds:IsValid=true, Min=(X=895.725 Y=3062.512 Z=0.625), Max=(X=907.670 Y=3277.488 Z=102.610) RuntimeGrid:None EditorOnly:0 RuntimeOnly:0 HLODRelevant:1 FolderPath:Fence FolderGuid:C25C52154C5FAAB104B7C9AB480B98E7
 |   |   |- [+] [ 24]
 |   |   |   |- Guid:2FB58999456391D349DC0F86DAC136ED BaseClass: NativeClass:/Script/Engine.SkyLight Name:SkyLight_1 Label:SkyLight SpatiallyLoaded:0 Bounds:IsValid=true, Min=(X=0.000 Y=0.000 Z=690.000), Max=(X=0.000 Y=0.000 Z=690.000) RuntimeGrid:None EditorOnly:0 RuntimeOnly:0 HLODRelevant:0 FolderPath:Lighting FolderGuid:963EC3EB4002CCE9759E2EBA541A873A
 |   |   |- [+] [ 25]
 |   |   |   |- Guid:B688BADE4ED30514ADF882B7C7189914 BaseClass: NativeClass:/Script/Engine.StaticMeshActor Name:StaticMeshActor_UAID_8C04BAA09ED00B9501_1935240455 Label:Fence 11 SpatiallyLoaded:1 Bounds:IsValid=true, Min=(X=895.725 Y=3272.512 Z=0.625), Max=(X=907.670 Y=3487.488 Z=102.610) RuntimeGrid:None EditorOnly:0 RuntimeOnly:0 HLODRelevant:1 FolderPath:Fence FolderGuid:C25C52154C5FAAB104B7C9AB480B98E7
 |   |   |- [+] [ 26]
 |   |   |   |- Guid:BC60F2114E929BA1867E509D4974DDE1 BaseClass: NativeClass:/Script/Engine.StaticMeshActor Name:StaticMeshActor_UAID_8C04BAA09ED00B9501_1935240454 Label:Fence 10 SpatiallyLoaded:1 Bounds:IsValid=true, Min=(X=895.725 Y=2642.512 Z=0.625), Max=(X=907.670 Y=2857.488 Z=102.610) RuntimeGrid:None EditorOnly:0 RuntimeOnly:0 HLODRelevant:1 FolderPath:Fence FolderGuid:C25C52154C5FAAB104B7C9AB480B98E7
 |   |   |- [+] [ 27]
 |   |   |   |- Guid:504F49DD44098692D5D8D0B3D3DC8447 BaseClass: NativeClass:/Script/Engine.StaticMeshActor Name:StaticMeshActor_UAID_8C04BAA09ED00B9501_1935238453 Label:Fence 9 SpatiallyLoaded:1 Bounds:IsValid=true, Min=(X=895.725 Y=2852.512 Z=0.625), Max=(X=907.670 Y=3067.488 Z=102.610) RuntimeGrid:None EditorOnly:0 RuntimeOnly:0 HLODRelevant:1 FolderPath:Fence FolderGuid:C25C52154C5FAAB104B7C9AB480B98E7
 |   |   |- [+] [ 28]
 |   |   |   |- Guid:5A188A3D47B8B2C319DA24BFBC938F30 BaseClass: NativeClass:/Script/Engine.StaticMeshActor Name:StaticMeshActor_UAID_8C04BAA09ED00B9501_1927504452 Label:Fence 8 SpatiallyLoaded:1 Bounds:IsValid=true, Min=(X=895.725 Y=2222.512 Z=0.625), Max=(X=907.670 Y=2437.488 Z=102.610) RuntimeGrid:None EditorOnly:0 RuntimeOnly:0 HLODRelevant:1 FolderPath:Fence FolderGuid:C25C52154C5FAAB104B7C9AB480B98E7
 |   |   |- [+] [ 29]
 |   |   |   |- Guid:E6B1AF30438F10B2D740C5A5287C4BEF BaseClass: NativeClass:/Script/Engine.StaticMeshActor Name:StaticMeshActor_UAID_8C04BAA09ED00B9501_1927502451 Label:Fence 7 SpatiallyLoaded:1 Bounds:IsValid=true, Min=(X=895.725 Y=2432.512 Z=0.625), Max=(X=907.670 Y=2647.488 Z=102.610) RuntimeGrid:None EditorOnly:0 RuntimeOnly:0 HLODRelevant:1 FolderPath:Fence FolderGuid:C25C52154C5FAAB104B7C9AB480B98E7
 |   |   |- [+] [ 30]
 |   |   |   |- Guid:FBBA50104599FD335CCFC58F0DE6FA24 BaseClass: NativeClass:/Script/Engine.StaticMeshActor Name:StaticMeshActor_UAID_8C04BAA09ED00B9501_1927500450 Label:Fence 6 SpatiallyLoaded:1 Bounds:IsValid=true, Min=(X=895.725 Y=1802.512 Z=0.625), Max=(X=907.670 Y=2017.488 Z=102.610) RuntimeGrid:None EditorOnly:0 RuntimeOnly:0 HLODRelevant:1 FolderPath:Fence FolderGuid:C25C52154C5FAAB104B7C9AB480B98E7
 |   |   |- [+] [ 31]
 |   |   |   |- Guid:BA2A7A0C40F898D63B9BC6ABE21ACA64 BaseClass: NativeClass:/Script/Engine.StaticMeshActor Name:StaticMeshActor_UAID_8C04BAA09ED00B9501_1927497449 Label:Fence 5 SpatiallyLoaded:1 Bounds:IsValid=true, Min=(X=895.725 Y=2012.512 Z=0.625), Max=(X=907.670 Y=2227.488 Z=102.610) RuntimeGrid:None EditorOnly:0 RuntimeOnly:0 HLODRelevant:1 FolderPath:Fence FolderGuid:C25C52154C5FAAB104B7C9AB480B98E7
 |   |   |- [+] [ 32]
 |   |   |   |- Guid:A67E62874D2E976A24336A8C06E7B1D2 BaseClass: NativeClass:/Script/Engine.StaticMeshActor Name:StaticMeshActor_UAID_8C04BAA09ED00B9501_1914758448 Label:Fence 4 SpatiallyLoaded:1 Bounds:IsValid=true, Min=(X=895.725 Y=1382.512 Z=0.625), Max=(X=907.670 Y=1597.488 Z=102.610) RuntimeGrid:None EditorOnly:0 RuntimeOnly:0 HLODRelevant:1 FolderPath:Fence FolderGuid:C25C52154C5FAAB104B7C9AB480B98E7
 |   |   |- [+] [ 33]
 |   |   |   |- Guid:62FFA81E49DC33EAC4FFE3905A617F5F BaseClass: NativeClass:/Script/Engine.StaticMeshActor Name:StaticMeshActor_UAID_8C04BAA09ED00B9501_1914756447 Label:Fence 3 SpatiallyLoaded:1 Bounds:IsValid=true, Min=(X=895.725 Y=1592.512 Z=0.625), Max=(X=907.670 Y=1807.488 Z=102.610) RuntimeGrid:None EditorOnly:0 RuntimeOnly:0 HLODRelevant:1 FolderPath:Fence FolderGuid:C25C52154C5FAAB104B7C9AB480B98E7
 |   |   |- [+] [ 34]
 |   |   |   |- Guid:138C09DB4A4520735EB194AEFCD81464 BaseClass: NativeClass:/Script/Engine.StaticMeshActor Name:StaticMeshActor_UAID_8C04BAA09ED00B9501_1889555446 Label:Fence 2 SpatiallyLoaded:1 Bounds:IsValid=true, Min=(X=895.725 Y=962.512 Z=0.625), Max=(X=907.670 Y=1177.488 Z=102.610) RuntimeGrid:None EditorOnly:0 RuntimeOnly:0 HLODRelevant:1 FolderPath:Fence FolderGuid:C25C52154C5FAAB104B7C9AB480B98E7
 |   |   |- [+] [ 35]
 |   |   |   |- Guid:9DE9FA3A470368787EB3E5941CB56978 BaseClass: NativeClass:/Script/Engine.StaticMeshActor Name:StaticMeshActor_UAID_8C04BAA09ED00B9501_1826282445 Label:Fence 1 SpatiallyLoaded:1 Bounds:IsValid=true, Min=(X=895.725 Y=1172.512 Z=0.625), Max=(X=907.670 Y=1387.488 Z=102.610) RuntimeGrid:None EditorOnly:0 RuntimeOnly:0 HLODRelevant:1 FolderPath:Fence FolderGuid:C25C52154C5FAAB104B7C9AB480B98E7
 |   |   |- [+] [ 36]
 |   |   |   |- Guid:D9C9905C48B7F9185A6F40848A225E34 BaseClass: NativeClass:/Script/Engine.StaticMeshActor Name:StaticMeshActor_UAID_8C04BAA09ED00B9501_1715129444 Label:beet SpatiallyLoaded:1 Bounds:IsValid=true, Min=(X=611.000 Y=1861.000 Z=-0.000), Max=(X=709.000 Y=1959.000 Z=3.216) RuntimeGrid:None EditorOnly:0 RuntimeOnly:0 HLODRelevant:1
 |   |   |- [+] [ 37]
 |   |   |   |- Guid:3A00AA1C422CE54C0BDB60BAF471BFBB BaseClass: NativeClass:/Script/Engine.PlayerStart Name:PlayerStart_0 Label:PlayerStart SpatiallyLoaded:0 Bounds:IsValid=true, Min=(X=970.000 Y=1230.000 Z=0.013), Max=(X=1050.000 Y=1310.000 Z=184.013) RuntimeGrid:None EditorOnly:0 RuntimeOnly:0 HLODRelevant:0
 |   |   |- [+] [ 38]
 |   |   |   |- Guid:041ADE6F4B8BF887DD87FE9D3BB447A9 BaseClass:/Game/Cloud/BP_Cloud.BP_Cloud_C NativeClass:/Script/Engine.Actor Name:BP_Cloud_C_UAID_8C04BAA09ED00B9501_1083108443 Label:BP_Cloud SpatiallyLoaded:1 Bounds:IsValid=true, Min=(X=334.454 Y=868.499 Z=-28.753), Max=(X=551.381 Y=1089.694 Z=455.034) RuntimeGrid:None EditorOnly:0 RuntimeOnly:0 HLODRelevant:0
 |   |   |- [+] [ 39]
 |   |   |   |- Guid:1B3871FD440DE9BDE80C2D9634DF6114 BaseClass: NativeClass:/Script/Engine.StaticMeshActor Name:StaticMeshActor_UAID_8C04BAA09ED00B9501_2032988476 Label:Fence 28 SpatiallyLoaded:1 Bounds:IsValid=true, Min=(X=3422.330 Y=2852.511 Z=0.625), Max=(X=3434.275 Y=3067.488 Z=102.610) RuntimeGrid:None EditorOnly:0 RuntimeOnly:0 HLODRelevant:1 FolderPath:Fence FolderGuid:C25C52154C5FAAB104B7C9AB480B98E7
 |   |   |- [+] [ 40]
 |   |   |   |- Guid:8806C0DD4756DA78978E048EA0A017AF BaseClass: NativeClass:/Script/Engine.StaticMeshActor Name:StaticMeshActor_UAID_8C04BAA09ED00B9501_2032990477 Label:Fence 29 SpatiallyLoaded:1 Bounds:IsValid=true, Min=(X=3422.330 Y=2222.511 Z=0.625), Max=(X=3434.275 Y=2437.488 Z=102.610) RuntimeGrid:None EditorOnly:0 RuntimeOnly:0 HLODRelevant:1 FolderPath:Fence FolderGuid:C25C52154C5FAAB104B7C9AB480B98E7
 |   |   |- [+] [ 41]
 |   |   |   |- Guid:4DE336E146463995E28BA483FC86EF7E BaseClass: NativeClass:/Script/Engine.StaticMeshActor Name:StaticMeshActor_UAID_8C04BAA09ED00B9501_2032991478 Label:Fence 30 SpatiallyLoaded:1 Bounds:IsValid=true, Min=(X=3422.330 Y=2432.511 Z=0.625), Max=(X=3434.275 Y=2647.488 Z=102.610) RuntimeGrid:None EditorOnly:0 RuntimeOnly:0 HLODRelevant:1 FolderPath:Fence FolderGuid:C25C52154C5FAAB104B7C9AB480B98E7
 |   |   |- [+] [ 42]
 |   |   |   |- Guid:29E2A5FC4737259F5FC75D818E0CB73A BaseClass: NativeClass:/Script/Engine.StaticMeshActor Name:StaticMeshActor_UAID_8C04BAA09ED00B9501_2032992479 Label:Fence 31 SpatiallyLoaded:1 Bounds:IsValid=true, Min=(X=3422.330 Y=1802.511 Z=0.625), Max=(X=3434.275 Y=2017.488 Z=102.610) RuntimeGrid:None EditorOnly:0 RuntimeOnly:0 HLODRelevant:1 FolderPath:Fence FolderGuid:C25C52154C5FAAB104B7C9AB480B98E7
 |   |   |- [+] [ 43]
 |   |   |   |- Guid:AFFBF500453AB6AEFF462297F3863F41 BaseClass: NativeClass:/Script/Engine.StaticMeshActor Name:StaticMeshActor_UAID_8C04BAA09ED00B9501_2032993480 Label:Fence 32 SpatiallyLoaded:1 Bounds:IsValid=true, Min=(X=3422.330 Y=2012.511 Z=0.625), Max=(X=3434.275 Y=2227.488 Z=102.610) RuntimeGrid:None EditorOnly:0 RuntimeOnly:0 HLODRelevant:1 FolderPath:Fence FolderGuid:C25C52154C5FAAB104B7C9AB480B98E7
 |   |   |- [+] [ 44]
 |   |   |   |- Guid:1660F73545A327CEB295E1808E5D8CCD BaseClass: NativeClass:/Script/Engine.StaticMeshActor Name:StaticMeshActor_UAID_8C04BAA09ED00B9501_2032994481 Label:Fence 33 SpatiallyLoaded:1 Bounds:IsValid=true, Min=(X=3422.330 Y=1382.511 Z=0.625), Max=(X=3434.275 Y=1597.488 Z=102.610) RuntimeGrid:None EditorOnly:0 RuntimeOnly:0 HLODRelevant:1 FolderPath:Fence FolderGuid:C25C52154C5FAAB104B7C9AB480B98E7
 |   |   |- [+] [ 45]
 |   |   |   |- Guid:B27017AB46C59A2968DB358739770194 BaseClass: NativeClass:/Script/Engine.StaticMeshActor Name:StaticMeshActor_UAID_8C04BAA09ED00B9501_2032995482 Label:Fence 34 SpatiallyLoaded:1 Bounds:IsValid=true, Min=(X=3422.330 Y=1592.511 Z=0.625), Max=(X=3434.275 Y=1807.488 Z=102.610) RuntimeGrid:None EditorOnly:0 RuntimeOnly:0 HLODRelevant:1 FolderPath:Fence FolderGuid:C25C52154C5FAAB104B7C9AB480B98E7
 |   |   |- [+] [ 46]
 |   |   |   |- Guid:059BBD354F534871873301B6521728DC BaseClass: NativeClass:/Script/Engine.StaticMeshActor Name:StaticMeshActor_UAID_8C04BAA09ED00B9501_2032996483 Label:Fence 35 SpatiallyLoaded:1 Bounds:IsValid=true, Min=(X=3422.330 Y=962.511 Z=0.625), Max=(X=3434.275 Y=1177.488 Z=102.610) RuntimeGrid:None EditorOnly:0 RuntimeOnly:0 HLODRelevant:1 FolderPath:Fence FolderGuid:C25C52154C5FAAB104B7C9AB480B98E7
 |   |   |- [+] [ 47]
 |   |   |   |- Guid:BBC76BD94C69B6B2EC07A6B030BDBFF0 BaseClass: NativeClass:/Script/Engine.StaticMeshActor Name:StaticMeshActor_UAID_8C04BAA09ED00B9501_2032997484 Label:Fence 36 SpatiallyLoaded:1 Bounds:IsValid=true, Min=(X=3422.330 Y=1172.511 Z=0.625), Max=(X=3434.275 Y=1387.488 Z=102.610) RuntimeGrid:None EditorOnly:0 RuntimeOnly:0 HLODRelevant:1 FolderPath:Fence FolderGuid:C25C52154C5FAAB104B7C9AB480B98E7
 |   |   |- [+] [ 48]
 |   |   |   |- Guid:BF11A3F44BA40B60CAB74BA6DFA842CE BaseClass: NativeClass:/Script/Engine.StaticMeshActor Name:StaticMeshActor_UAID_8C04BAA09ED00B9501_2032998485 Label:Fence 37 SpatiallyLoaded:1 Bounds:IsValid=true, Min=(X=3002.512 Y=955.725 Z=0.625), Max=(X=3217.488 Y=967.670 Z=102.610) RuntimeGrid:None EditorOnly:0 RuntimeOnly:0 HLODRelevant:1 FolderPath:Fence FolderGuid:C25C52154C5FAAB104B7C9AB480B98E7
 |   |   |- [+] [ 49]
 |   |   |   |- Guid:BFA3C65D435A9150184B2686F0197CBE BaseClass: NativeClass:/Script/Engine.StaticMeshActor Name:StaticMeshActor_UAID_8C04BAA09ED00B9501_2032999486 Label:Fence 38 SpatiallyLoaded:1 Bounds:IsValid=true, Min=(X=3212.512 Y=955.725 Z=0.625), Max=(X=3427.488 Y=967.670 Z=102.610) RuntimeGrid:None EditorOnly:0 RuntimeOnly:0 HLODRelevant:1 FolderPath:Fence FolderGuid:C25C52154C5FAAB104B7C9AB480B98E7
 |   |   |- [+] [ 50]
 |   |   |   |- Guid:278DA53E46AE9A5DF9F6E1AA6DCEC504 BaseClass: NativeClass:/Script/Engine.StaticMeshActor Name:StaticMeshActor_UAID_8C04BAA09ED00B9501_2033000487 Label:Fence 39 SpatiallyLoaded:1 Bounds:IsValid=true, Min=(X=2582.512 Y=955.725 Z=0.625), Max=(X=2797.488 Y=967.670 Z=102.610) RuntimeGrid:None EditorOnly:0 RuntimeOnly:0 HLODRelevant:1 FolderPath:Fence FolderGuid:C25C52154C5FAAB104B7C9AB480B98E7
 |   |   |- [+] [ 51]
 |   |   |   |- Guid:C40D015C4F6DB4C8C90ED2B17C9C2F24 BaseClass: NativeClass:/Script/Engine.StaticMeshActor Name:StaticMeshActor_UAID_8C04BAA09ED00B9501_2033000488 Label:Fence 40 SpatiallyLoaded:1 Bounds:IsValid=true, Min=(X=2792.512 Y=955.725 Z=0.625), Max=(X=3007.488 Y=967.670 Z=102.610) RuntimeGrid:None EditorOnly:0 RuntimeOnly:0 HLODRelevant:1 FolderPath:Fence FolderGuid:C25C52154C5FAAB104B7C9AB480B98E7
 |   |   |- [+] [ 52]
 |   |   |   |- Guid:77266882498045D22B3FF48DAD6E5132 BaseClass: NativeClass:/Script/Engine.StaticMeshActor Name:StaticMeshActor_UAID_8C04BAA09ED00B9501_2033001489 Label:Fence 41 SpatiallyLoaded:1 Bounds:IsValid=true, Min=(X=2162.512 Y=955.725 Z=0.625), Max=(X=2377.488 Y=967.670 Z=102.610) RuntimeGrid:None EditorOnly:0 RuntimeOnly:0 HLODRelevant:1 FolderPath:Fence FolderGuid:C25C52154C5FAAB104B7C9AB480B98E7
 |   |   |- [+] [ 53]
 |   |   |   |- Guid:723FC55F4427A83B7A178CAE456001B9 BaseClass: NativeClass:/Script/Engine.StaticMeshActor Name:StaticMeshActor_UAID_8C04BAA09ED00B9501_2033002490 Label:Fence 42 SpatiallyLoaded:1 Bounds:IsValid=true, Min=(X=2372.512 Y=955.725 Z=0.625), Max=(X=2587.488 Y=967.670 Z=102.610) RuntimeGrid:None EditorOnly:0 RuntimeOnly:0 HLODRelevant:1 FolderPath:Fence FolderGuid:C25C52154C5FAAB104B7C9AB480B98E7
 |   |   |- [+] [ 54]
 |   |   |   |- Guid:E40D321A4145B1ED603465ADF617CE1E BaseClass: NativeClass:/Script/Engine.StaticMeshActor Name:StaticMeshActor_UAID_8C04BAA09ED00B9501_2033003491 Label:Fence 43 SpatiallyLoaded:1 Bounds:IsValid=true, Min=(X=1742.512 Y=955.725 Z=0.625), Max=(X=1957.488 Y=967.670 Z=102.610) RuntimeGrid:None EditorOnly:0 RuntimeOnly:0 HLODRelevant:1 FolderPath:Fence FolderGuid:C25C52154C5FAAB104B7C9AB480B98E7
 |   |   |- [+] [ 55]
 |   |   |   |- Guid:B20C451E4AE9FB31FBB356BB5F7F150C BaseClass: NativeClass:/Script/Engine.StaticMeshActor Name:StaticMeshActor_UAID_8C04BAA09ED00B9501_2033004492 Label:Fence 44 SpatiallyLoaded:1 Bounds:IsValid=true, Min=(X=1952.512 Y=955.725 Z=0.625), Max=(X=2167.488 Y=967.670 Z=102.610) RuntimeGrid:None EditorOnly:0 RuntimeOnly:0 HLODRelevant:1 FolderPath:Fence FolderGuid:C25C52154C5FAAB104B7C9AB480B98E7
 |   |   |- [+] [ 56]
 |   |   |   |- Guid:BBC7C54A4A73F4A451EEB38DE2936343 BaseClass: NativeClass:/Script/Engine.StaticMeshActor Name:StaticMeshActor_UAID_8C04BAA09ED00B9501_2033005493 Label:Fence 45 SpatiallyLoaded:1 Bounds:IsValid=true, Min=(X=1322.512 Y=955.725 Z=0.625), Max=(X=1537.488 Y=967.670 Z=102.610) RuntimeGrid:None EditorOnly:0 RuntimeOnly:0 HLODRelevant:1 FolderPath:Fence FolderGuid:C25C52154C5FAAB104B7C9AB480B98E7
 |   |   |- [+] [ 57]
 |   |   |   |- Guid:078B29084DDA65361D7B05BFF7D1D698 BaseClass: NativeClass:/Script/Engine.StaticMeshActor Name:StaticMeshActor_UAID_8C04BAA09ED00B9501_2033006494 Label:Fence 46 SpatiallyLoaded:1 Bounds:IsValid=true, Min=(X=1532.512 Y=955.725 Z=0.625), Max=(X=1747.488 Y=967.670 Z=102.610) RuntimeGrid:None EditorOnly:0 RuntimeOnly:0 HLODRelevant:1 FolderPath:Fence FolderGuid:C25C52154C5FAAB104B7C9AB480B98E7
 |   |   |- [+] [ 58]
 |   |   |   |- Guid:46A3BE21454C5DB723F009A117A52184 BaseClass: NativeClass:/Script/Engine.StaticMeshActor Name:StaticMeshActor_UAID_8C04BAA09ED00B9501_2033007495 Label:Fence 47 SpatiallyLoaded:1 Bounds:IsValid=true, Min=(X=902.512 Y=955.725 Z=0.625), Max=(X=1117.488 Y=967.670 Z=102.610) RuntimeGrid:None EditorOnly:0 RuntimeOnly:0 HLODRelevant:1 FolderPath:Fence FolderGuid:C25C52154C5FAAB104B7C9AB480B98E7
 |   |   |- [+] [ 59]
 |   |   |   |- Guid:B23BED54404F205132D078816E1D6ED9 BaseClass: NativeClass:/Script/Engine.StaticMeshActor Name:StaticMeshActor_UAID_8C04BAA09ED00B9501_2033007496 Label:Fence 48 SpatiallyLoaded:1 Bounds:IsValid=true, Min=(X=1112.512 Y=955.725 Z=0.625), Max=(X=1327.488 Y=967.670 Z=102.610) RuntimeGrid:None EditorOnly:0 RuntimeOnly:0 HLODRelevant:1 FolderPath:Fence FolderGuid:C25C52154C5FAAB104B7C9AB480B98E7
 |   |   |- [+] [ 60]
 |   |   |   |- Guid:99C6F7B94FDB555ADBA811A579FF5822 BaseClass: NativeClass:/Script/Engine.StaticMeshActor Name:StaticMeshActor_UAID_8C04BAA09ED00B9501_2085070497 Label:silo SpatiallyLoaded:1 Bounds:IsValid=true, Min=(X=3061.259 Y=1001.259 Z=0.000), Max=(X=3398.741 Y=1338.741 Z=532.424) RuntimeGrid:None EditorOnly:0 RuntimeOnly:0 HLODRelevant:1
 |   |   |- [+] [ 61]
 |   |   |   |- Guid:FA475B7740641EFD6B342DB2A6D078BF BaseClass:/Game/ThirdPerson/Blueprints/Interactable.Interactable_C NativeClass:/Script/Engine.Actor Name:Interactable_C_UAID_8C04BAA09ED00C9501_1269359674 Label:Interactable SpatiallyLoaded:1 Bounds:IsValid=true, Min=(X=1351.000 Y=1421.000 Z=-0.000), Max=(X=1449.000 Y=1519.000 Z=3.216) RuntimeGrid:None EditorOnly:0 RuntimeOnly:0 HLODRelevant:0
 |- ContainerInstances:
 |- [+] MainContainer:
 |   |-        ID: 0x0000000000000000
 |   |-    Bounds: IsValid=false, Min=(X=0.000 Y=0.000 Z=0.000), Max=(X=0.000 Y=0.000 Z=0.000)
 |   |- Transform: 0.000000,0.000000,0.000000|0.000000,0.000000,-0.000000|1.000000,1.000000,1.000000
 |   |- Container: /Game/ThirdPerson/Maps/ThirdPersonMap
----------------------------------------------------------------------------------------------------------------
ThirdPersonMap - Persistent Level
----------------------------------------------------------------------------------------------------------------
Always loaded Actor Count: 70 

----------------------------------------------------------------------------------------------------------------
ThirdPersonMap - Runtime Spatial Hash - Streaming Grid - MainGrid
----------------------------------------------------------------------------------------------------------------
            Origin: X=0.000 Y=0.000 Z=0.000
         Cell Size: 12800
      World Bounds: IsValid=false, Min=(X=0.000 Y=0.000 Z=0.000), Max=(X=0.000 Y=0.000 Z=0.000)
     Loading Range: 25600.00
Block Slow Loading: No
 ClientOnlyVisible: No

[+] Grid Levels: 1
 |- Level  0: Cell Count    0 | Cell Size   12800 | Actor Count    0 (0.0%)

[+] Content of Grid Level 0

